2006.09.19 21:34 B C:\Ekhagastiftelsen\Webb&Mail\Internetsajt\2006-09-19\projekt\2001-14.html <-- Ekhagastiftelsen /public_html/ekhagastiftelsen.a.se/projekt 2001-14.html
2006.09.19 21:34 B C:\Ekhagastiftelsen\Webb&Mail\Internetsajt\2006-09-19\projekt\2001-16.html <-- Ekhagastiftelsen /public_html/ekhagastiftelsen.a.se/projekt 2001-16.html
2006.09.19 21:34 B C:\Ekhagastiftelsen\Webb&Mail\Internetsajt\2006-09-19\projekt\2001-23.html <-- Ekhagastiftelsen /public_html/ekhagastiftelsen.a.se/projekt 2001-23.html
2006.09.19 21:34 B C:\Ekhagastiftelsen\Webb&Mail\Internetsajt\2006-09-19\projekt\2001-30.html <-- Ekhagastiftelsen /public_html/ekhagastiftelsen.a.se/projekt 2001-30.html
2006.09.19 21:34 B C:\Ekhagastiftelsen\Webb&Mail\Internetsajt\2006-09-19\projekt\2001-34.html <-- Ekhagastiftelsen /public_html/ekhagastiftelsen.a.se/projekt 2001-34.html
2006.09.19 21:34 B C:\Ekhagastiftelsen\Webb&Mail\Internetsajt\2006-09-19\projekt\2001-35.html <-- Ekhagastiftelsen /public_html/ekhagastiftelsen.a.se/projekt 2001-35.html
2006.09.19 21:34 B C:\Ekhagastiftelsen\Webb&Mail\Internetsajt\2006-09-19\projekt\2001-37.html <-- Ekhagastiftelsen /public_html/ekhagastiftelsen.a.se/projekt 2001-37.html
2006.09.19 21:34 B C:\Ekhagastiftelsen\Webb&Mail\Internetsajt\2006-09-19\projekt\2001-39.html <-- Ekhagastiftelsen /public_html/ekhagastiftelsen.a.se/projekt 2001-39.html
2006.09.19 21:34 B C:\Ekhagastiftelsen\Webb&Mail\Internetsajt\2006-09-19\projekt\2001-40.html <-- Ekhagastiftelsen /public_html/ekhagastiftelsen.a.se/projekt 2001-40.html
2006.09.19 21:34 B C:\Ekhagastiftelsen\Webb&Mail\Internetsajt\2006-09-19\projekt\2001-46.html <-- Ekhagastiftelsen /public_html/ekhagastiftelsen.a.se/projekt 2001-46.html
2006.09.19 21:34 B C:\Ekhagastiftelsen\Webb&Mail\Internetsajt\2006-09-19\projekt\2001-47.html <-- Ekhagastiftelsen /public_html/ekhagastiftelsen.a.se/projekt 2001-47.html
2006.09.19 21:34 B C:\Ekhagastiftelsen\Webb&Mail\Internetsajt\2006-09-19\projekt\2001-5.html <-- Ekhagastiftelsen /public_html/ekhagastiftelsen.a.se/projekt 2001-5.html
2006.09.19 21:34 B C:\Ekhagastiftelsen\Webb&Mail\Internetsajt\2006-09-19\projekt\2001-54.html <-- Ekhagastiftelsen /public_html/ekhagastiftelsen.a.se/projekt 2001-54.html
2006.09.19 21:34 B C:\Ekhagastiftelsen\Webb&Mail\Internetsajt\2006-09-19\projekt\2001-58.html <-- Ekhagastiftelsen /public_html/ekhagastiftelsen.a.se/projekt 2001-58.html
2006.09.19 21:34 B C:\Ekhagastiftelsen\Webb&Mail\Internetsajt\2006-09-19\projekt\2001-59.html <-- Ekhagastiftelsen /public_html/ekhagastiftelsen.a.se/projekt 2001-59.html
2006.09.19 21:34 B C:\Ekhagastiftelsen\Webb&Mail\Internetsajt\2006-09-19\projekt\2001-64.html <-- Ekhagastiftelsen /public_html/ekhagastiftelsen.a.se/projekt 2001-64.html
2006.09.19 21:34 B C:\Ekhagastiftelsen\Webb&Mail\Internetsajt\2006-09-19\projekt\2001-7.html <-- Ekhagastiftelsen /public_html/ekhagastiftelsen.a.se/projekt 2001-7.html
2006.09.19 21:34 B C:\Ekhagastiftelsen\Webb&Mail\Internetsajt\2006-09-19\projekt\2001-74.html <-- Ekhagastiftelsen /public_html/ekhagastiftelsen.a.se/projekt 2001-74.html
2006.09.19 21:34 B C:\Ekhagastiftelsen\Webb&Mail\Internetsajt\2006-09-19\projekt\2001-78.html <-- Ekhagastiftelsen /public_html/ekhagastiftelsen.a.se/projekt 2001-78.html
2006.09.19 21:34 B C:\Ekhagastiftelsen\Webb&Mail\Internetsajt\2006-09-19\projekt\2001-80.html <-- Ekhagastiftelsen /public_html/ekhagastiftelsen.a.se/projekt 2001-80.html
2006.09.19 21:34 B C:\Ekhagastiftelsen\Webb&Mail\Internetsajt\2006-09-19\projekt\2001-81.html <-- Ekhagastiftelsen /public_html/ekhagastiftelsen.a.se/projekt 2001-81.html
2006.09.19 21:34 B C:\Ekhagastiftelsen\Webb&Mail\Internetsajt\2006-09-19\projekt\2001-82.html <-- Ekhagastiftelsen /public_html/ekhagastiftelsen.a.se/projekt 2001-82.html
2006.09.19 21:34 B C:\Ekhagastiftelsen\Webb&Mail\Internetsajt\2006-09-19\projekt\2001-83.html <-- Ekhagastiftelsen /public_html/ekhagastiftelsen.a.se/projekt 2001-83.html
2006.09.19 21:34 B C:\Ekhagastiftelsen\Webb&Mail\Internetsajt\2006-09-19\projekt\2002-10.html <-- Ekhagastiftelsen /public_html/ekhagastiftelsen.a.se/projekt 2002-10.html
2006.09.19 21:34 B C:\Ekhagastiftelsen\Webb&Mail\Internetsajt\2006-09-19\projekt\2002-14.html <-- Ekhagastiftelsen /public_html/ekhagastiftelsen.a.se/projekt 2002-14.html
2006.09.19 21:34 B C:\Ekhagastiftelsen\Webb&Mail\Internetsajt\2006-09-19\projekt\2002-18.html <-- Ekhagastiftelsen /public_html/ekhagastiftelsen.a.se/projekt 2002-18.html
2006.09.19 21:34 B C:\Ekhagastiftelsen\Webb&Mail\Internetsajt\2006-09-19\projekt\2002-2.html <-- Ekhagastiftelsen /public_html/ekhagastiftelsen.a.se/projekt 2002-2.html
2006.09.19 21:34 B C:\Ekhagastiftelsen\Webb&Mail\Internetsajt\2006-09-19\projekt\2002-21.html <-- Ekhagastiftelsen /public_html/ekhagastiftelsen.a.se/projekt 2002-21.html
2006.09.19 21:34 B C:\Ekhagastiftelsen\Webb&Mail\Internetsajt\2006-09-19\projekt\2002-25.html <-- Ekhagastiftelsen /public_html/ekhagastiftelsen.a.se/projekt 2002-25.html
2006.09.19 21:34 B C:\Ekhagastiftelsen\Webb&Mail\Internetsajt\2006-09-19\projekt\2002-30.html <-- Ekhagastiftelsen /public_html/ekhagastiftelsen.a.se/projekt 2002-30.html
2006.09.19 21:34 B C:\Ekhagastiftelsen\Webb&Mail\Internetsajt\2006-09-19\projekt\2002-31.html <-- Ekhagastiftelsen /public_html/ekhagastiftelsen.a.se/projekt 2002-31.html
2006.09.19 21:34 B C:\Ekhagastiftelsen\Webb&Mail\Internetsajt\2006-09-19\projekt\2002-34.html <-- Ekhagastiftelsen /public_html/ekhagastiftelsen.a.se/projekt 2002-34.html
2006.09.19 21:34 B C:\Ekhagastiftelsen\Webb&Mail\Internetsajt\2006-09-19\projekt\2002-4.html <-- Ekhagastiftelsen /public_html/ekhagastiftelsen.a.se/projekt 2002-4.html
2006.09.19 21:34 B C:\Ekhagastiftelsen\Webb&Mail\Internetsajt\2006-09-19\projekt\2002-41.html <-- Ekhagastiftelsen /public_html/ekhagastiftelsen.a.se/projekt 2002-41.html
2006.09.19 21:34 B C:\Ekhagastiftelsen\Webb&Mail\Internetsajt\2006-09-19\projekt\2002-42.html <-- Ekhagastiftelsen /public_html/ekhagastiftelsen.a.se/projekt 2002-42.html
2006.09.19 21:34 B C:\Ekhagastiftelsen\Webb&Mail\Internetsajt\2006-09-19\projekt\2002-44.html <-- Ekhagastiftelsen /public_html/ekhagastiftelsen.a.se/projekt 2002-44.html
2006.09.19 21:34 B C:\Ekhagastiftelsen\Webb&Mail\Internetsajt\2006-09-19\projekt\2002-45.html <-- Ekhagastiftelsen /public_html/ekhagastiftelsen.a.se/projekt 2002-45.html
2006.09.19 21:34 B C:\Ekhagastiftelsen\Webb&Mail\Internetsajt\2006-09-19\projekt\2002-49.html <-- Ekhagastiftelsen /public_html/ekhagastiftelsen.a.se/projekt 2002-49.html
2006.09.19 21:34 B C:\Ekhagastiftelsen\Webb&Mail\Internetsajt\2006-09-19\projekt\2002-55.html <-- Ekhagastiftelsen /public_html/ekhagastiftelsen.a.se/projekt 2002-55.html
2006.09.19 21:34 B C:\Ekhagastiftelsen\Webb&Mail\Internetsajt\2006-09-19\projekt\2002-63.html <-- Ekhagastiftelsen /public_html/ekhagastiftelsen.a.se/projekt 2002-63.html
2006.09.19 21:34 B C:\Ekhagastiftelsen\Webb&Mail\Internetsajt\2006-09-19\projekt\2003-13.html <-- Ekhagastiftelsen /public_html/ekhagastiftelsen.a.se/projekt 2003-13.html
2006.09.19 21:34 B C:\Ekhagastiftelsen\Webb&Mail\Internetsajt\2006-09-19\projekt\2003-16.html <-- Ekhagastiftelsen /public_html/ekhagastiftelsen.a.se/projekt 2003-16.html
2006.09.19 21:34 B C:\Ekhagastiftelsen\Webb&Mail\Internetsajt\2006-09-19\projekt\2003-25.html <-- Ekhagastiftelsen /public_html/ekhagastiftelsen.a.se/projekt 2003-25.html
2006.09.19 21:34 B C:\Ekhagastiftelsen\Webb&Mail\Internetsajt\2006-09-19\projekt\2003-28.html <-- Ekhagastiftelsen /public_html/ekhagastiftelsen.a.se/projekt 2003-28.html
2006.09.19 21:34 B C:\Ekhagastiftelsen\Webb&Mail\Internetsajt\2006-09-19\projekt\2003-36.html <-- Ekhagastiftelsen /public_html/ekhagastiftelsen.a.se/projekt 2003-36.html
2006.09.19 21:34 B C:\Ekhagastiftelsen\Webb&Mail\Internetsajt\2006-09-19\projekt\2003-41.html <-- Ekhagastiftelsen /public_html/ekhagastiftelsen.a.se/projekt 2003-41.html
2006.09.19 21:34 B C:\Ekhagastiftelsen\Webb&Mail\Internetsajt\2006-09-19\projekt\2003-46.html <-- Ekhagastiftelsen /public_html/ekhagastiftelsen.a.se/projekt 2003-46.html
2006.09.19 21:34 B C:\Ekhagastiftelsen\Webb&Mail\Internetsajt\2006-09-19\projekt\2003-5.html <-- Ekhagastiftelsen /public_html/ekhagastiftelsen.a.se/projekt 2003-5.html
2006.09.19 21:34 B C:\Ekhagastiftelsen\Webb&Mail\Internetsajt\2006-09-19\projekt\2003-51.html <-- Ekhagastiftelsen /public_html/ekhagastiftelsen.a.se/projekt 2003-51.html
2006.09.19 21:34 B C:\Ekhagastiftelsen\Webb&Mail\Internetsajt\2006-09-19\projekt\2003-53.html <-- Ekhagastiftelsen /public_html/ekhagastiftelsen.a.se/projekt 2003-53.html
2006.09.19 21:34 B C:\Ekhagastiftelsen\Webb&Mail\Internetsajt\2006-09-19\projekt\2003-54.html <-- Ekhagastiftelsen /public_html/ekhagastiftelsen.a.se/projekt 2003-54.html
2006.09.19 21:34 B C:\Ekhagastiftelsen\Webb&Mail\Internetsajt\2006-09-19\projekt\2003-56.html <-- Ekhagastiftelsen /public_html/ekhagastiftelsen.a.se/projekt 2003-56.html
2006.09.19 21:34 B C:\Ekhagastiftelsen\Webb&Mail\Internetsajt\2006-09-19\projekt\2003-59.html <-- Ekhagastiftelsen /public_html/ekhagastiftelsen.a.se/projekt 2003-59.html
2006.09.19 21:34 B C:\Ekhagastiftelsen\Webb&Mail\Internetsajt\2006-09-19\projekt\2003-62.html <-- Ekhagastiftelsen /public_html/ekhagastiftelsen.a.se/projekt 2003-62.html
2006.09.19 21:34 B C:\Ekhagastiftelsen\Webb&Mail\Internetsajt\2006-09-19\projekt\2004-18.html <-- Ekhagastiftelsen /public_html/ekhagastiftelsen.a.se/projekt 2004-18.html
2006.09.19 21:34 B C:\Ekhagastiftelsen\Webb&Mail\Internetsajt\2006-09-19\projekt\2004-20.html <-- Ekhagastiftelsen /public_html/ekhagastiftelsen.a.se/projekt 2004-20.html
2006.09.19 21:34 B C:\Ekhagastiftelsen\Webb&Mail\Internetsajt\2006-09-19\projekt\2004-22.html <-- Ekhagastiftelsen /public_html/ekhagastiftelsen.a.se/projekt 2004-22.html
2006.09.19 21:34 B C:\Ekhagastiftelsen\Webb&Mail\Internetsajt\2006-09-19\projekt\2004-24.html <-- Ekhagastiftelsen /public_html/ekhagastiftelsen.a.se/projekt 2004-24.html
2006.09.19 21:34 B C:\Ekhagastiftelsen\Webb&Mail\Internetsajt\2006-09-19\projekt\2004-3.html <-- Ekhagastiftelsen /public_html/ekhagastiftelsen.a.se/projekt 2004-3.html
2006.09.19 21:34 B C:\Ekhagastiftelsen\Webb&Mail\Internetsajt\2006-09-19\projekt\2004-31.html <-- Ekhagastiftelsen /public_html/ekhagastiftelsen.a.se/projekt 2004-31.html
2006.09.19 21:34 B C:\Ekhagastiftelsen\Webb&Mail\Internetsajt\2006-09-19\projekt\2004-34.html <-- Ekhagastiftelsen /public_html/ekhagastiftelsen.a.se/projekt 2004-34.html
2006.09.19 21:34 B C:\Ekhagastiftelsen\Webb&Mail\Internetsajt\2006-09-19\projekt\2004-36.html <-- Ekhagastiftelsen /public_html/ekhagastiftelsen.a.se/projekt 2004-36.html
2006.09.19 21:34 B C:\Ekhagastiftelsen\Webb&Mail\Internetsajt\2006-09-19\projekt\2004-39.html <-- Ekhagastiftelsen /public_html/ekhagastiftelsen.a.se/projekt 2004-39.html
2006.09.19 21:34 B C:\Ekhagastiftelsen\Webb&Mail\Internetsajt\2006-09-19\projekt\2004-43.html <-- Ekhagastiftelsen /public_html/ekhagastiftelsen.a.se/projekt 2004-43.html
2006.09.19 21:34 B C:\Ekhagastiftelsen\Webb&Mail\Internetsajt\2006-09-19\projekt\2004-52.html <-- Ekhagastiftelsen /public_html/ekhagastiftelsen.a.se/projekt 2004-52.html
2006.09.19 21:34 B C:\Ekhagastiftelsen\Webb&Mail\Internetsajt\2006-09-19\projekt\2004-55.html <-- Ekhagastiftelsen /public_html/ekhagastiftelsen.a.se/projekt 2004-55.html
2006.09.19 21:34 B C:\Ekhagastiftelsen\Webb&Mail\Internetsajt\2006-09-19\projekt\2004-57.html <-- Ekhagastiftelsen /public_html/ekhagastiftelsen.a.se/projekt 2004-57.html
2006.09.19 21:34 B C:\Ekhagastiftelsen\Webb&Mail\Internetsajt\2006-09-19\projekt\2004-62.html <-- Ekhagastiftelsen /public_html/ekhagastiftelsen.a.se/projekt 2004-62.html
2006.09.19 21:34 B C:\Ekhagastiftelsen\Webb&Mail\Internetsajt\2006-09-19\projekt\2004-73.html <-- Ekhagastiftelsen /public_html/ekhagastiftelsen.a.se/projekt 2004-73.html
2006.09.19 21:34 B C:\Ekhagastiftelsen\Webb&Mail\Internetsajt\2006-09-19\projekt\2005-14.html <-- Ekhagastiftelsen /public_html/ekhagastiftelsen.a.se/projekt 2005-14.html
2006.09.19 21:34 B C:\Ekhagastiftelsen\Webb&Mail\Internetsajt\2006-09-19\projekt\2005-16.html <-- Ekhagastiftelsen /public_html/ekhagastiftelsen.a.se/projekt 2005-16.html
2006.09.19 21:34 B C:\Ekhagastiftelsen\Webb&Mail\Internetsajt\2006-09-19\projekt\2005-20.html <-- Ekhagastiftelsen /public_html/ekhagastiftelsen.a.se/projekt 2005-20.html
2006.09.19 21:34 B C:\Ekhagastiftelsen\Webb&Mail\Internetsajt\2006-09-19\projekt\2005-26.html <-- Ekhagastiftelsen /public_html/ekhagastiftelsen.a.se/projekt 2005-26.html
2006.09.19 21:34 B C:\Ekhagastiftelsen\Webb&Mail\Internetsajt\2006-09-19\projekt\2005-28.html <-- Ekhagastiftelsen /public_html/ekhagastiftelsen.a.se/projekt 2005-28.html
2006.09.19 21:34 B C:\Ekhagastiftelsen\Webb&Mail\Internetsajt\2006-09-19\projekt\2005-33.html <-- Ekhagastiftelsen /public_html/ekhagastiftelsen.a.se/projekt 2005-33.html
2006.09.19 21:34 B C:\Ekhagastiftelsen\Webb&Mail\Internetsajt\2006-09-19\projekt\2005-35.html <-- Ekhagastiftelsen /public_html/ekhagastiftelsen.a.se/projekt 2005-35.html
2006.09.19 21:34 B C:\Ekhagastiftelsen\Webb&Mail\Internetsajt\2006-09-19\projekt\2005-36.html <-- Ekhagastiftelsen /public_html/ekhagastiftelsen.a.se/projekt 2005-36.html
2006.09.19 21:34 B C:\Ekhagastiftelsen\Webb&Mail\Internetsajt\2006-09-19\projekt\2005-42.html <-- Ekhagastiftelsen /public_html/ekhagastiftelsen.a.se/projekt 2005-42.html
2006.09.19 21:35 B C:\Ekhagastiftelsen\Webb&Mail\Internetsajt\2006-09-19\projekt\2005-45.html <-- Ekhagastiftelsen /public_html/ekhagastiftelsen.a.se/projekt 2005-45.html
2006.09.19 21:35 B C:\Ekhagastiftelsen\Webb&Mail\Internetsajt\2006-09-19\projekt\2005-46.html <-- Ekhagastiftelsen /public_html/ekhagastiftelsen.a.se/projekt 2005-46.html
2006.09.19 21:35 B C:\Ekhagastiftelsen\Webb&Mail\Internetsajt\2006-09-19\projekt\2005-48.html <-- Ekhagastiftelsen /public_html/ekhagastiftelsen.a.se/projekt 2005-48.html
2006.09.19 21:35 B C:\Ekhagastiftelsen\Webb&Mail\Internetsajt\2006-09-19\projekt\2005-6.html <-- Ekhagastiftelsen /public_html/ekhagastiftelsen.a.se/projekt 2005-6.html
2006.09.19 21:35 B C:\Ekhagastiftelsen\Webb&Mail\Internetsajt\2006-09-19\projekt\projektmall.html <-- Ekhagastiftelsen /public_html/ekhagastiftelsen.a.se/projekt projektmall.html
2006.12.10 00:57 B C:\Ekhagastiftelsen\Webb&Mail\Internetsajt\2006-12-09\projekt\2006-71.html --> ftp.internethotellet.com /public_html/ekhagastiftelsen.a.se/projekt 2006-71.html
2006.12.10 00:57 B C:\Ekhagastiftelsen\Webb&Mail\Internetsajt\2006-12-09\projekt\2006-70.html --> ftp.internethotellet.com /public_html/ekhagastiftelsen.a.se/projekt 2006-70.html
2006.12.10 00:57 B C:\Ekhagastiftelsen\Webb&Mail\Internetsajt\2006-12-09\projekt\2006-69.html --> ftp.internethotellet.com /public_html/ekhagastiftelsen.a.se/projekt 2006-69.html
2006.12.10 00:57 B C:\Ekhagastiftelsen\Webb&Mail\Internetsajt\2006-12-09\projekt\2006-68.html --> ftp.internethotellet.com /public_html/ekhagastiftelsen.a.se/projekt 2006-68.html
2006.12.10 00:57 B C:\Ekhagastiftelsen\Webb&Mail\Internetsajt\2006-12-09\projekt\2006-67.html --> ftp.internethotellet.com /public_html/ekhagastiftelsen.a.se/projekt 2006-67.html
2006.12.10 00:57 B C:\Ekhagastiftelsen\Webb&Mail\Internetsajt\2006-12-09\projekt\2006-65.html --> ftp.internethotellet.com /public_html/ekhagastiftelsen.a.se/projekt 2006-65.html
2006.12.10 00:57 B C:\Ekhagastiftelsen\Webb&Mail\Internetsajt\2006-12-09\projekt\2006-62.html --> ftp.internethotellet.com /public_html/ekhagastiftelsen.a.se/projekt 2006-62.html
2006.12.10 00:57 B C:\Ekhagastiftelsen\Webb&Mail\Internetsajt\2006-12-09\projekt\2006-58.html --> ftp.internethotellet.com /public_html/ekhagastiftelsen.a.se/projekt 2006-58.html
2006.12.10 00:57 B C:\Ekhagastiftelsen\Webb&Mail\Internetsajt\2006-12-09\projekt\2006-54.html --> ftp.internethotellet.com /public_html/ekhagastiftelsen.a.se/projekt 2006-54.html
2006.12.10 00:57 B C:\Ekhagastiftelsen\Webb&Mail\Internetsajt\2006-12-09\projekt\2006-53.html --> ftp.internethotellet.com /public_html/ekhagastiftelsen.a.se/projekt 2006-53.html
2006.12.10 00:57 B C:\Ekhagastiftelsen\Webb&Mail\Internetsajt\2006-12-09\projekt\2006-52.html --> ftp.internethotellet.com /public_html/ekhagastiftelsen.a.se/projekt 2006-52.html
2006.12.10 00:57 B C:\Ekhagastiftelsen\Webb&Mail\Internetsajt\2006-12-09\projekt\2006-46.html --> ftp.internethotellet.com /public_html/ekhagastiftelsen.a.se/projekt 2006-46.html
2006.12.10 00:57 B C:\Ekhagastiftelsen\Webb&Mail\Internetsajt\2006-12-09\projekt\2006-44.html --> ftp.internethotellet.com /public_html/ekhagastiftelsen.a.se/projekt 2006-44.html
2006.12.10 00:57 B C:\Ekhagastiftelsen\Webb&Mail\Internetsajt\2006-12-09\projekt\2006-43.html --> ftp.internethotellet.com /public_html/ekhagastiftelsen.a.se/projekt 2006-43.html
2006.12.10 00:57 B C:\Ekhagastiftelsen\Webb&Mail\Internetsajt\2006-12-09\projekt\2006-42.html --> ftp.internethotellet.com /public_html/ekhagastiftelsen.a.se/projekt 2006-42.html
2006.12.10 00:57 B C:\Ekhagastiftelsen\Webb&Mail\Internetsajt\2006-12-09\projekt\2006-40.html --> ftp.internethotellet.com /public_html/ekhagastiftelsen.a.se/projekt 2006-40.html
2006.12.10 00:57 B C:\Ekhagastiftelsen\Webb&Mail\Internetsajt\2006-12-09\projekt\2006-38.html --> ftp.internethotellet.com /public_html/ekhagastiftelsen.a.se/projekt 2006-38.html
2006.12.10 00:57 B C:\Ekhagastiftelsen\Webb&Mail\Internetsajt\2006-12-09\projekt\2006-33.html --> ftp.internethotellet.com /public_html/ekhagastiftelsen.a.se/projekt 2006-33.html
2006.12.10 00:57 B C:\Ekhagastiftelsen\Webb&Mail\Internetsajt\2006-12-09\projekt\2006-32.html --> ftp.internethotellet.com /public_html/ekhagastiftelsen.a.se/projekt 2006-32.html
2006.12.10 00:57 B C:\Ekhagastiftelsen\Webb&Mail\Internetsajt\2006-12-09\projekt\2006-30.html --> ftp.internethotellet.com /public_html/ekhagastiftelsen.a.se/projekt 2006-30.html
2006.12.10 00:57 B C:\Ekhagastiftelsen\Webb&Mail\Internetsajt\2006-12-09\projekt\2006-29.html --> ftp.internethotellet.com /public_html/ekhagastiftelsen.a.se/projekt 2006-29.html
2006.12.10 00:57 B C:\Ekhagastiftelsen\Webb&Mail\Internetsajt\2006-12-09\projekt\2006-27.html --> ftp.internethotellet.com /public_html/ekhagastiftelsen.a.se/projekt 2006-27.html
2006.12.10 00:57 B C:\Ekhagastiftelsen\Webb&Mail\Internetsajt\2006-12-09\projekt\2006-23.html --> ftp.internethotellet.com /public_html/ekhagastiftelsen.a.se/projekt 2006-23.html
2006.12.10 00:57 B C:\Ekhagastiftelsen\Webb&Mail\Internetsajt\2006-12-09\projekt\2006-21.html --> ftp.internethotellet.com /public_html/ekhagastiftelsen.a.se/projekt 2006-21.html
2006.12.10 00:57 B C:\Ekhagastiftelsen\Webb&Mail\Internetsajt\2006-12-09\projekt\2006-16.html --> ftp.internethotellet.com /public_html/ekhagastiftelsen.a.se/projekt 2006-16.html
2006.12.10 00:57 B C:\Ekhagastiftelsen\Webb&Mail\Internetsajt\2006-12-09\projekt\2006-10.html --> ftp.internethotellet.com /public_html/ekhagastiftelsen.a.se/projekt 2006-10.html
2006.12.10 00:57 B C:\Ekhagastiftelsen\Webb&Mail\Internetsajt\2006-12-09\projekt\2006-09.html --> ftp.internethotellet.com /public_html/ekhagastiftelsen.a.se/projekt 2006-09.html
2006.12.10 00:57 B C:\Ekhagastiftelsen\Webb&Mail\Internetsajt\2006-12-09\projekt\projektmall.html --> ftp.internethotellet.com /public_html/ekhagastiftelsen.a.se/projekt projektmall.html
2006.12.10 00:57 B C:\Ekhagastiftelsen\Webb&Mail\Internetsajt\2006-12-09\projekt\2006-07.html --> ftp.internethotellet.com /public_html/ekhagastiftelsen.a.se/projekt 2006-07.html
2007.06.27 21:54 B C:\Ekhagastiftelsen\Webb&Mail\Internetsajt\2007-06-27\projekt\WS_FTP.LOG <-- Ekhagastiftelsen /public_html/ekhagastiftelsen.a.se/projekt WS_FTP.LOG
2008.03.19 07:32 B C:\Ekhagastiftelsen\Webb&Mail\Internetsajt\2008-03-19\projekt\WS_FTP.LOG <-- Ekhagastiftelsen /public_html/ekhagastiftelsen.a.se/projekt WS_FTP.LOG
2008.03.28 08:08 B C:\Ekhagastiftelsen\Webb&Mail\Internetsajt\2008-03-19\projekt\2001-14.html --> ftp.internethotellet.com /public_html/ekhagastiftelsen.a.se/projekt 2001-14.html
2008.03.28 08:08 B C:\Ekhagastiftelsen\Webb&Mail\Internetsajt\2008-03-19\projekt\2001-16.html --> ftp.internethotellet.com /public_html/ekhagastiftelsen.a.se/projekt 2001-16.html
2008.03.28 08:08 B C:\Ekhagastiftelsen\Webb&Mail\Internetsajt\2008-03-19\projekt\2001-23.html --> ftp.internethotellet.com /public_html/ekhagastiftelsen.a.se/projekt 2001-23.html
2008.03.28 08:08 B C:\Ekhagastiftelsen\Webb&Mail\Internetsajt\2008-03-19\projekt\2001-30.html --> ftp.internethotellet.com /public_html/ekhagastiftelsen.a.se/projekt 2001-30.html
2008.03.28 08:08 B C:\Ekhagastiftelsen\Webb&Mail\Internetsajt\2008-03-19\projekt\2001-34.html --> ftp.internethotellet.com /public_html/ekhagastiftelsen.a.se/projekt 2001-34.html
2008.03.28 08:08 B C:\Ekhagastiftelsen\Webb&Mail\Internetsajt\2008-03-19\projekt\2001-35.html --> ftp.internethotellet.com /public_html/ekhagastiftelsen.a.se/projekt 2001-35.html
2008.03.28 08:08 B C:\Ekhagastiftelsen\Webb&Mail\Internetsajt\2008-03-19\projekt\2001-37.html --> ftp.internethotellet.com /public_html/ekhagastiftelsen.a.se/projekt 2001-37.html
2008.03.28 08:08 B C:\Ekhagastiftelsen\Webb&Mail\Internetsajt\2008-03-19\projekt\2001-39.html --> ftp.internethotellet.com /public_html/ekhagastiftelsen.a.se/projekt 2001-39.html
2008.03.28 08:08 B C:\Ekhagastiftelsen\Webb&Mail\Internetsajt\2008-03-19\projekt\2001-40.html --> ftp.internethotellet.com /public_html/ekhagastiftelsen.a.se/projekt 2001-40.html
2008.03.28 08:08 B C:\Ekhagastiftelsen\Webb&Mail\Internetsajt\2008-03-19\projekt\2001-46.html --> ftp.internethotellet.com /public_html/ekhagastiftelsen.a.se/projekt 2001-46.html
2008.03.28 08:08 B C:\Ekhagastiftelsen\Webb&Mail\Internetsajt\2008-03-19\projekt\2001-47.html --> ftp.internethotellet.com /public_html/ekhagastiftelsen.a.se/projekt 2001-47.html
2008.03.28 08:08 B C:\Ekhagastiftelsen\Webb&Mail\Internetsajt\2008-03-19\projekt\2001-5.html --> ftp.internethotellet.com /public_html/ekhagastiftelsen.a.se/projekt 2001-5.html
2008.03.28 08:08 B C:\Ekhagastiftelsen\Webb&Mail\Internetsajt\2008-03-19\projekt\2001-54.html --> ftp.internethotellet.com /public_html/ekhagastiftelsen.a.se/projekt 2001-54.html
2008.03.28 08:08 B C:\Ekhagastiftelsen\Webb&Mail\Internetsajt\2008-03-19\projekt\2001-58.html --> ftp.internethotellet.com /public_html/ekhagastiftelsen.a.se/projekt 2001-58.html
2008.03.28 08:08 B C:\Ekhagastiftelsen\Webb&Mail\Internetsajt\2008-03-19\projekt\2001-59.html --> ftp.internethotellet.com /public_html/ekhagastiftelsen.a.se/projekt 2001-59.html
2008.03.28 08:08 B C:\Ekhagastiftelsen\Webb&Mail\Internetsajt\2008-03-19\projekt\2001-64.html --> ftp.internethotellet.com /public_html/ekhagastiftelsen.a.se/projekt 2001-64.html
2008.03.28 08:08 B C:\Ekhagastiftelsen\Webb&Mail\Internetsajt\2008-03-19\projekt\2001-7.html --> ftp.internethotellet.com /public_html/ekhagastiftelsen.a.se/projekt 2001-7.html
2008.03.28 08:08 B C:\Ekhagastiftelsen\Webb&Mail\Internetsajt\2008-03-19\projekt\2001-74.html --> ftp.internethotellet.com /public_html/ekhagastiftelsen.a.se/projekt 2001-74.html
2008.03.28 08:08 B C:\Ekhagastiftelsen\Webb&Mail\Internetsajt\2008-03-19\projekt\2001-78.html --> ftp.internethotellet.com /public_html/ekhagastiftelsen.a.se/projekt 2001-78.html
2008.03.28 08:08 B C:\Ekhagastiftelsen\Webb&Mail\Internetsajt\2008-03-19\projekt\2001-80.html --> ftp.internethotellet.com /public_html/ekhagastiftelsen.a.se/projekt 2001-80.html
2008.03.28 08:08 B C:\Ekhagastiftelsen\Webb&Mail\Internetsajt\2008-03-19\projekt\2001-81.html --> ftp.internethotellet.com /public_html/ekhagastiftelsen.a.se/projekt 2001-81.html
2008.03.28 08:08 B C:\Ekhagastiftelsen\Webb&Mail\Internetsajt\2008-03-19\projekt\2001-82.html --> ftp.internethotellet.com /public_html/ekhagastiftelsen.a.se/projekt 2001-82.html
2008.03.28 08:08 B C:\Ekhagastiftelsen\Webb&Mail\Internetsajt\2008-03-19\projekt\2001-83.html --> ftp.internethotellet.com /public_html/ekhagastiftelsen.a.se/projekt 2001-83.html
2008.03.28 08:08 B C:\Ekhagastiftelsen\Webb&Mail\Internetsajt\2008-03-19\projekt\2002-10.html --> ftp.internethotellet.com /public_html/ekhagastiftelsen.a.se/projekt 2002-10.html
2008.03.28 08:08 B C:\Ekhagastiftelsen\Webb&Mail\Internetsajt\2008-03-19\projekt\2002-14.html --> ftp.internethotellet.com /public_html/ekhagastiftelsen.a.se/projekt 2002-14.html
2008.03.28 08:08 B C:\Ekhagastiftelsen\Webb&Mail\Internetsajt\2008-03-19\projekt\2002-18.html --> ftp.internethotellet.com /public_html/ekhagastiftelsen.a.se/projekt 2002-18.html
2008.03.28 08:08 B C:\Ekhagastiftelsen\Webb&Mail\Internetsajt\2008-03-19\projekt\2002-2.html --> ftp.internethotellet.com /public_html/ekhagastiftelsen.a.se/projekt 2002-2.html
2008.03.28 08:08 B C:\Ekhagastiftelsen\Webb&Mail\Internetsajt\2008-03-19\projekt\2002-21.html --> ftp.internethotellet.com /public_html/ekhagastiftelsen.a.se/projekt 2002-21.html
2008.03.28 08:08 B C:\Ekhagastiftelsen\Webb&Mail\Internetsajt\2008-03-19\projekt\2002-25.html --> ftp.internethotellet.com /public_html/ekhagastiftelsen.a.se/projekt 2002-25.html
2008.03.28 08:08 B C:\Ekhagastiftelsen\Webb&Mail\Internetsajt\2008-03-19\projekt\2002-30.html --> ftp.internethotellet.com /public_html/ekhagastiftelsen.a.se/projekt 2002-30.html
2008.03.28 08:08 B C:\Ekhagastiftelsen\Webb&Mail\Internetsajt\2008-03-19\projekt\2002-31.html --> ftp.internethotellet.com /public_html/ekhagastiftelsen.a.se/projekt 2002-31.html
2008.03.28 08:08 B C:\Ekhagastiftelsen\Webb&Mail\Internetsajt\2008-03-19\projekt\2002-34.html --> ftp.internethotellet.com /public_html/ekhagastiftelsen.a.se/projekt 2002-34.html
2008.03.28 08:08 B C:\Ekhagastiftelsen\Webb&Mail\Internetsajt\2008-03-19\projekt\2002-4.html --> ftp.internethotellet.com /public_html/ekhagastiftelsen.a.se/projekt 2002-4.html
2008.03.28 08:08 B C:\Ekhagastiftelsen\Webb&Mail\Internetsajt\2008-03-19\projekt\2002-41.html --> ftp.internethotellet.com /public_html/ekhagastiftelsen.a.se/projekt 2002-41.html
2008.03.28 08:08 B C:\Ekhagastiftelsen\Webb&Mail\Internetsajt\2008-03-19\projekt\2002-42.html --> ftp.internethotellet.com /public_html/ekhagastiftelsen.a.se/projekt 2002-42.html
2008.03.28 08:08 B C:\Ekhagastiftelsen\Webb&Mail\Internetsajt\2008-03-19\projekt\2002-44.html --> ftp.internethotellet.com /public_html/ekhagastiftelsen.a.se/projekt 2002-44.html
2008.03.28 08:09 B C:\Ekhagastiftelsen\Webb&Mail\Internetsajt\2008-03-19\projekt\2002-45.html --> ftp.internethotellet.com /public_html/ekhagastiftelsen.a.se/projekt 2002-45.html
2008.03.28 08:09 B C:\Ekhagastiftelsen\Webb&Mail\Internetsajt\2008-03-19\projekt\2002-49.html --> ftp.internethotellet.com /public_html/ekhagastiftelsen.a.se/projekt 2002-49.html
2008.03.28 08:09 B C:\Ekhagastiftelsen\Webb&Mail\Internetsajt\2008-03-19\projekt\2002-55.html --> ftp.internethotellet.com /public_html/ekhagastiftelsen.a.se/projekt 2002-55.html
2008.03.28 08:09 B C:\Ekhagastiftelsen\Webb&Mail\Internetsajt\2008-03-19\projekt\2002-63.html --> ftp.internethotellet.com /public_html/ekhagastiftelsen.a.se/projekt 2002-63.html
2008.03.28 08:09 B C:\Ekhagastiftelsen\Webb&Mail\Internetsajt\2008-03-19\projekt\2003-13.html --> ftp.internethotellet.com /public_html/ekhagastiftelsen.a.se/projekt 2003-13.html
2008.03.28 08:09 B C:\Ekhagastiftelsen\Webb&Mail\Internetsajt\2008-03-19\projekt\2003-16.html --> ftp.internethotellet.com /public_html/ekhagastiftelsen.a.se/projekt 2003-16.html
2008.03.28 08:09 B C:\Ekhagastiftelsen\Webb&Mail\Internetsajt\2008-03-19\projekt\2003-25.html --> ftp.internethotellet.com /public_html/ekhagastiftelsen.a.se/projekt 2003-25.html
2008.03.28 08:09 B C:\Ekhagastiftelsen\Webb&Mail\Internetsajt\2008-03-19\projekt\2003-28.html --> ftp.internethotellet.com /public_html/ekhagastiftelsen.a.se/projekt 2003-28.html
2008.03.28 08:09 B C:\Ekhagastiftelsen\Webb&Mail\Internetsajt\2008-03-19\projekt\2003-36.html --> ftp.internethotellet.com /public_html/ekhagastiftelsen.a.se/projekt 2003-36.html
2008.03.28 08:09 B C:\Ekhagastiftelsen\Webb&Mail\Internetsajt\2008-03-19\projekt\2003-41.html --> ftp.internethotellet.com /public_html/ekhagastiftelsen.a.se/projekt 2003-41.html
2008.03.28 08:09 B C:\Ekhagastiftelsen\Webb&Mail\Internetsajt\2008-03-19\projekt\2003-46.html --> ftp.internethotellet.com /public_html/ekhagastiftelsen.a.se/projekt 2003-46.html
2008.03.28 08:09 B C:\Ekhagastiftelsen\Webb&Mail\Internetsajt\2008-03-19\projekt\2003-5.html --> ftp.internethotellet.com /public_html/ekhagastiftelsen.a.se/projekt 2003-5.html
2008.03.28 08:09 B C:\Ekhagastiftelsen\Webb&Mail\Internetsajt\2008-03-19\projekt\2003-51.html --> ftp.internethotellet.com /public_html/ekhagastiftelsen.a.se/projekt 2003-51.html
2008.03.28 08:09 B C:\Ekhagastiftelsen\Webb&Mail\Internetsajt\2008-03-19\projekt\2003-53.html --> ftp.internethotellet.com /public_html/ekhagastiftelsen.a.se/projekt 2003-53.html
2008.03.28 08:09 B C:\Ekhagastiftelsen\Webb&Mail\Internetsajt\2008-03-19\projekt\2003-54.html --> ftp.internethotellet.com /public_html/ekhagastiftelsen.a.se/projekt 2003-54.html
2008.03.28 08:09 B C:\Ekhagastiftelsen\Webb&Mail\Internetsajt\2008-03-19\projekt\2003-56.html --> ftp.internethotellet.com /public_html/ekhagastiftelsen.a.se/projekt 2003-56.html
2008.03.28 08:09 B C:\Ekhagastiftelsen\Webb&Mail\Internetsajt\2008-03-19\projekt\2003-59.html --> ftp.internethotellet.com /public_html/ekhagastiftelsen.a.se/projekt 2003-59.html
2008.03.28 08:09 B C:\Ekhagastiftelsen\Webb&Mail\Internetsajt\2008-03-19\projekt\2003-62.html --> ftp.internethotellet.com /public_html/ekhagastiftelsen.a.se/projekt 2003-62.html
2008.03.28 08:09 B C:\Ekhagastiftelsen\Webb&Mail\Internetsajt\2008-03-19\projekt\2004-18.html --> ftp.internethotellet.com /public_html/ekhagastiftelsen.a.se/projekt 2004-18.html
2008.03.28 08:09 B C:\Ekhagastiftelsen\Webb&Mail\Internetsajt\2008-03-19\projekt\2004-20.html --> ftp.internethotellet.com /public_html/ekhagastiftelsen.a.se/projekt 2004-20.html
2008.03.28 08:09 B C:\Ekhagastiftelsen\Webb&Mail\Internetsajt\2008-03-19\projekt\2004-22.html --> ftp.internethotellet.com /public_html/ekhagastiftelsen.a.se/projekt 2004-22.html
2008.03.28 08:09 B C:\Ekhagastiftelsen\Webb&Mail\Internetsajt\2008-03-19\projekt\2004-24.html --> ftp.internethotellet.com /public_html/ekhagastiftelsen.a.se/projekt 2004-24.html
2008.03.28 08:09 B C:\Ekhagastiftelsen\Webb&Mail\Internetsajt\2008-03-19\projekt\2004-3.html --> ftp.internethotellet.com /public_html/ekhagastiftelsen.a.se/projekt 2004-3.html
2008.03.28 08:09 B C:\Ekhagastiftelsen\Webb&Mail\Internetsajt\2008-03-19\projekt\2004-31.html --> ftp.internethotellet.com /public_html/ekhagastiftelsen.a.se/projekt 2004-31.html
2008.03.28 08:09 B C:\Ekhagastiftelsen\Webb&Mail\Internetsajt\2008-03-19\projekt\2004-34.html --> ftp.internethotellet.com /public_html/ekhagastiftelsen.a.se/projekt 2004-34.html
2008.03.28 08:09 B C:\Ekhagastiftelsen\Webb&Mail\Internetsajt\2008-03-19\projekt\2004-36.html --> ftp.internethotellet.com /public_html/ekhagastiftelsen.a.se/projekt 2004-36.html
2008.03.28 08:09 B C:\Ekhagastiftelsen\Webb&Mail\Internetsajt\2008-03-19\projekt\2004-39.html --> ftp.internethotellet.com /public_html/ekhagastiftelsen.a.se/projekt 2004-39.html
2008.03.28 08:09 B C:\Ekhagastiftelsen\Webb&Mail\Internetsajt\2008-03-19\projekt\2004-43.html --> ftp.internethotellet.com /public_html/ekhagastiftelsen.a.se/projekt 2004-43.html
2008.03.28 08:09 B C:\Ekhagastiftelsen\Webb&Mail\Internetsajt\2008-03-19\projekt\2004-52.html --> ftp.internethotellet.com /public_html/ekhagastiftelsen.a.se/projekt 2004-52.html
2008.03.28 08:09 B C:\Ekhagastiftelsen\Webb&Mail\Internetsajt\2008-03-19\projekt\2004-55.html --> ftp.internethotellet.com /public_html/ekhagastiftelsen.a.se/projekt 2004-55.html
2008.03.28 08:09 B C:\Ekhagastiftelsen\Webb&Mail\Internetsajt\2008-03-19\projekt\2004-57.html --> ftp.internethotellet.com /public_html/ekhagastiftelsen.a.se/projekt 2004-57.html
2008.03.28 08:09 B C:\Ekhagastiftelsen\Webb&Mail\Internetsajt\2008-03-19\projekt\2004-62.html --> ftp.internethotellet.com /public_html/ekhagastiftelsen.a.se/projekt 2004-62.html
2008.03.28 08:09 B C:\Ekhagastiftelsen\Webb&Mail\Internetsajt\2008-03-19\projekt\2004-73.html --> ftp.internethotellet.com /public_html/ekhagastiftelsen.a.se/projekt 2004-73.html
2008.03.28 08:09 B C:\Ekhagastiftelsen\Webb&Mail\Internetsajt\2008-03-19\projekt\2005-14.html --> ftp.internethotellet.com /public_html/ekhagastiftelsen.a.se/projekt 2005-14.html
2008.03.28 08:09 B C:\Ekhagastiftelsen\Webb&Mail\Internetsajt\2008-03-19\projekt\2005-16.html --> ftp.internethotellet.com /public_html/ekhagastiftelsen.a.se/projekt 2005-16.html
2008.03.28 08:09 B C:\Ekhagastiftelsen\Webb&Mail\Internetsajt\2008-03-19\projekt\2005-20.html --> ftp.internethotellet.com /public_html/ekhagastiftelsen.a.se/projekt 2005-20.html
2008.03.28 08:09 B C:\Ekhagastiftelsen\Webb&Mail\Internetsajt\2008-03-19\projekt\2005-26.html --> ftp.internethotellet.com /public_html/ekhagastiftelsen.a.se/projekt 2005-26.html
2008.03.28 08:09 B C:\Ekhagastiftelsen\Webb&Mail\Internetsajt\2008-03-19\projekt\2005-28.html --> ftp.internethotellet.com /public_html/ekhagastiftelsen.a.se/projekt 2005-28.html
2008.03.28 08:09 B C:\Ekhagastiftelsen\Webb&Mail\Internetsajt\2008-03-19\projekt\2005-33.html --> ftp.internethotellet.com /public_html/ekhagastiftelsen.a.se/projekt 2005-33.html
2008.03.28 08:09 B C:\Ekhagastiftelsen\Webb&Mail\Internetsajt\2008-03-19\projekt\2005-35.html --> ftp.internethotellet.com /public_html/ekhagastiftelsen.a.se/projekt 2005-35.html
2008.03.28 08:09 B C:\Ekhagastiftelsen\Webb&Mail\Internetsajt\2008-03-19\projekt\2005-36.html --> ftp.internethotellet.com /public_html/ekhagastiftelsen.a.se/projekt 2005-36.html
2008.03.28 08:09 B C:\Ekhagastiftelsen\Webb&Mail\Internetsajt\2008-03-19\projekt\2005-42.html --> ftp.internethotellet.com /public_html/ekhagastiftelsen.a.se/projekt 2005-42.html
2008.03.28 08:09 B C:\Ekhagastiftelsen\Webb&Mail\Internetsajt\2008-03-19\projekt\2005-45.html --> ftp.internethotellet.com /public_html/ekhagastiftelsen.a.se/projekt 2005-45.html
2008.03.28 08:09 B C:\Ekhagastiftelsen\Webb&Mail\Internetsajt\2008-03-19\projekt\2005-46.html --> ftp.internethotellet.com /public_html/ekhagastiftelsen.a.se/projekt 2005-46.html
2008.03.28 08:09 B C:\Ekhagastiftelsen\Webb&Mail\Internetsajt\2008-03-19\projekt\2005-48.html --> ftp.internethotellet.com /public_html/ekhagastiftelsen.a.se/projekt 2005-48.html
2008.03.28 08:09 B C:\Ekhagastiftelsen\Webb&Mail\Internetsajt\2008-03-19\projekt\2005-6.html --> ftp.internethotellet.com /public_html/ekhagastiftelsen.a.se/projekt 2005-6.html
2008.03.28 08:09 B C:\Ekhagastiftelsen\Webb&Mail\Internetsajt\2008-03-19\projekt\2006-07.html --> ftp.internethotellet.com /public_html/ekhagastiftelsen.a.se/projekt 2006-07.html
2008.03.28 08:09 B C:\Ekhagastiftelsen\Webb&Mail\Internetsajt\2008-03-19\projekt\2006-09.html --> ftp.internethotellet.com /public_html/ekhagastiftelsen.a.se/projekt 2006-09.html
2008.03.28 08:09 B C:\Ekhagastiftelsen\Webb&Mail\Internetsajt\2008-03-19\projekt\2006-10.html --> ftp.internethotellet.com /public_html/ekhagastiftelsen.a.se/projekt 2006-10.html
2008.03.28 08:09 B C:\Ekhagastiftelsen\Webb&Mail\Internetsajt\2008-03-19\projekt\2006-16.html --> ftp.internethotellet.com /public_html/ekhagastiftelsen.a.se/projekt 2006-16.html
2008.03.28 08:09 B C:\Ekhagastiftelsen\Webb&Mail\Internetsajt\2008-03-19\projekt\2006-21.html --> ftp.internethotellet.com /public_html/ekhagastiftelsen.a.se/projekt 2006-21.html
2008.03.28 08:09 B C:\Ekhagastiftelsen\Webb&Mail\Internetsajt\2008-03-19\projekt\2006-23.html --> ftp.internethotellet.com /public_html/ekhagastiftelsen.a.se/projekt 2006-23.html
2008.03.28 08:09 B C:\Ekhagastiftelsen\Webb&Mail\Internetsajt\2008-03-19\projekt\2006-27.html --> ftp.internethotellet.com /public_html/ekhagastiftelsen.a.se/projekt 2006-27.html
2008.03.28 08:09 B C:\Ekhagastiftelsen\Webb&Mail\Internetsajt\2008-03-19\projekt\2006-29.html --> ftp.internethotellet.com /public_html/ekhagastiftelsen.a.se/projekt 2006-29.html
2008.03.28 08:09 B C:\Ekhagastiftelsen\Webb&Mail\Internetsajt\2008-03-19\projekt\2006-30.html --> ftp.internethotellet.com /public_html/ekhagastiftelsen.a.se/projekt 2006-30.html
2008.03.28 08:09 B C:\Ekhagastiftelsen\Webb&Mail\Internetsajt\2008-03-19\projekt\2006-32.html --> ftp.internethotellet.com /public_html/ekhagastiftelsen.a.se/projekt 2006-32.html
2008.03.28 08:09 B C:\Ekhagastiftelsen\Webb&Mail\Internetsajt\2008-03-19\projekt\2006-33.html --> ftp.internethotellet.com /public_html/ekhagastiftelsen.a.se/projekt 2006-33.html
2008.03.28 08:09 B C:\Ekhagastiftelsen\Webb&Mail\Internetsajt\2008-03-19\projekt\2006-38.html --> ftp.internethotellet.com /public_html/ekhagastiftelsen.a.se/projekt 2006-38.html
2008.03.28 08:09 B C:\Ekhagastiftelsen\Webb&Mail\Internetsajt\2008-03-19\projekt\2006-40.html --> ftp.internethotellet.com /public_html/ekhagastiftelsen.a.se/projekt 2006-40.html
2008.03.28 08:09 B C:\Ekhagastiftelsen\Webb&Mail\Internetsajt\2008-03-19\projekt\2006-42.html --> ftp.internethotellet.com /public_html/ekhagastiftelsen.a.se/projekt 2006-42.html
2008.03.28 08:09 B C:\Ekhagastiftelsen\Webb&Mail\Internetsajt\2008-03-19\projekt\2006-43.html --> ftp.internethotellet.com /public_html/ekhagastiftelsen.a.se/projekt 2006-43.html
2008.03.28 08:09 B C:\Ekhagastiftelsen\Webb&Mail\Internetsajt\2008-03-19\projekt\2006-44.html --> ftp.internethotellet.com /public_html/ekhagastiftelsen.a.se/projekt 2006-44.html
2008.03.28 08:09 B C:\Ekhagastiftelsen\Webb&Mail\Internetsajt\2008-03-19\projekt\2006-46.html --> ftp.internethotellet.com /public_html/ekhagastiftelsen.a.se/projekt 2006-46.html
2008.03.28 08:09 B C:\Ekhagastiftelsen\Webb&Mail\Internetsajt\2008-03-19\projekt\2006-52.html --> ftp.internethotellet.com /public_html/ekhagastiftelsen.a.se/projekt 2006-52.html
2008.03.28 08:09 B C:\Ekhagastiftelsen\Webb&Mail\Internetsajt\2008-03-19\projekt\2006-53.html --> ftp.internethotellet.com /public_html/ekhagastiftelsen.a.se/projekt 2006-53.html
2008.03.28 08:09 B C:\Ekhagastiftelsen\Webb&Mail\Internetsajt\2008-03-19\projekt\2006-54.html --> ftp.internethotellet.com /public_html/ekhagastiftelsen.a.se/projekt 2006-54.html
2008.03.28 08:09 B C:\Ekhagastiftelsen\Webb&Mail\Internetsajt\2008-03-19\projekt\2006-58.html --> ftp.internethotellet.com /public_html/ekhagastiftelsen.a.se/projekt 2006-58.html
2008.03.28 08:09 B C:\Ekhagastiftelsen\Webb&Mail\Internetsajt\2008-03-19\projekt\2006-62.html --> ftp.internethotellet.com /public_html/ekhagastiftelsen.a.se/projekt 2006-62.html
2008.03.28 08:09 B C:\Ekhagastiftelsen\Webb&Mail\Internetsajt\2008-03-19\projekt\2006-65.html --> ftp.internethotellet.com /public_html/ekhagastiftelsen.a.se/projekt 2006-65.html
2008.03.28 08:09 B C:\Ekhagastiftelsen\Webb&Mail\Internetsajt\2008-03-19\projekt\2006-67.html --> ftp.internethotellet.com /public_html/ekhagastiftelsen.a.se/projekt 2006-67.html
2008.03.28 08:09 B C:\Ekhagastiftelsen\Webb&Mail\Internetsajt\2008-03-19\projekt\2006-68.html --> ftp.internethotellet.com /public_html/ekhagastiftelsen.a.se/projekt 2006-68.html
2008.03.28 08:09 B C:\Ekhagastiftelsen\Webb&Mail\Internetsajt\2008-03-19\projekt\2006-69.html --> ftp.internethotellet.com /public_html/ekhagastiftelsen.a.se/projekt 2006-69.html
2008.03.28 08:09 B C:\Ekhagastiftelsen\Webb&Mail\Internetsajt\2008-03-19\projekt\2006-70.html --> ftp.internethotellet.com /public_html/ekhagastiftelsen.a.se/projekt 2006-70.html
2008.03.28 08:09 B C:\Ekhagastiftelsen\Webb&Mail\Internetsajt\2008-03-19\projekt\2006-71.html --> ftp.internethotellet.com /public_html/ekhagastiftelsen.a.se/projekt 2006-71.html
2008.03.28 08:09 B C:\Ekhagastiftelsen\Webb&Mail\Internetsajt\2008-03-19\projekt\projektmall.html --> ftp.internethotellet.com /public_html/ekhagastiftelsen.a.se/projekt projektmall.html
2008.05.12 20:35 B C:\Ekhagastiftelsen\Webb&Mail\Internetsajt\2008-05-12\projekt\WS_FTP.LOG <-- Ekhagastiftelsen /public_html/ekhagastiftelsen.a.se/projekt WS_FTP.LOG
2008.05.12 23:07 B C:\Ekhagastiftelsen\Webb&Mail\Internetsajt\2008-05-12\projekt\2007-01.html --> ftp.internethotellet.com /public_html/ekhagastiftelsen.a.se/projekt 2007-01.html
2008.05.12 23:07 B C:\Ekhagastiftelsen\Webb&Mail\Internetsajt\2008-05-12\projekt\2007-04.html --> ftp.internethotellet.com /public_html/ekhagastiftelsen.a.se/projekt 2007-04.html
2008.05.12 23:07 B C:\Ekhagastiftelsen\Webb&Mail\Internetsajt\2008-05-12\projekt\2007-06.html --> ftp.internethotellet.com /public_html/ekhagastiftelsen.a.se/projekt 2007-06.html
2008.05.12 23:07 B C:\Ekhagastiftelsen\Webb&Mail\Internetsajt\2008-05-12\projekt\2007-07.html --> ftp.internethotellet.com /public_html/ekhagastiftelsen.a.se/projekt 2007-07.html
2008.05.12 23:07 B C:\Ekhagastiftelsen\Webb&Mail\Internetsajt\2008-05-12\projekt\2007-09.html --> ftp.internethotellet.com /public_html/ekhagastiftelsen.a.se/projekt 2007-09.html
2008.05.12 23:07 B C:\Ekhagastiftelsen\Webb&Mail\Internetsajt\2008-05-12\projekt\2007-11.html --> ftp.internethotellet.com /public_html/ekhagastiftelsen.a.se/projekt 2007-11.html
2008.05.12 23:07 B C:\Ekhagastiftelsen\Webb&Mail\Internetsajt\2008-05-12\projekt\2007-13.html --> ftp.internethotellet.com /public_html/ekhagastiftelsen.a.se/projekt 2007-13.html
2008.05.12 23:07 B C:\Ekhagastiftelsen\Webb&Mail\Internetsajt\2008-05-12\projekt\2007-17.html --> ftp.internethotellet.com /public_html/ekhagastiftelsen.a.se/projekt 2007-17.html
2008.05.12 23:07 B C:\Ekhagastiftelsen\Webb&Mail\Internetsajt\2008-05-12\projekt\2007-21.html --> ftp.internethotellet.com /public_html/ekhagastiftelsen.a.se/projekt 2007-21.html
2008.05.12 23:07 B C:\Ekhagastiftelsen\Webb&Mail\Internetsajt\2008-05-12\projekt\2007-23.html --> ftp.internethotellet.com /public_html/ekhagastiftelsen.a.se/projekt 2007-23.html
2008.05.12 23:07 B C:\Ekhagastiftelsen\Webb&Mail\Internetsajt\2008-05-12\projekt\2007-24.html --> ftp.internethotellet.com /public_html/ekhagastiftelsen.a.se/projekt 2007-24.html
2008.05.12 23:07 B C:\Ekhagastiftelsen\Webb&Mail\Internetsajt\2008-05-12\projekt\2007-30.html --> ftp.internethotellet.com /public_html/ekhagastiftelsen.a.se/projekt 2007-30.html
2008.05.12 23:07 B C:\Ekhagastiftelsen\Webb&Mail\Internetsajt\2008-05-12\projekt\2007-32.html --> ftp.internethotellet.com /public_html/ekhagastiftelsen.a.se/projekt 2007-32.html
2008.05.12 23:07 B C:\Ekhagastiftelsen\Webb&Mail\Internetsajt\2008-05-12\projekt\2007-34.html --> ftp.internethotellet.com /public_html/ekhagastiftelsen.a.se/projekt 2007-34.html
2008.05.12 23:07 B C:\Ekhagastiftelsen\Webb&Mail\Internetsajt\2008-05-12\projekt\2007-37.html --> ftp.internethotellet.com /public_html/ekhagastiftelsen.a.se/projekt 2007-37.html
2008.05.12 23:07 B C:\Ekhagastiftelsen\Webb&Mail\Internetsajt\2008-05-12\projekt\2007-38.html --> ftp.internethotellet.com /public_html/ekhagastiftelsen.a.se/projekt 2007-38.html
2008.05.12 23:07 B C:\Ekhagastiftelsen\Webb&Mail\Internetsajt\2008-05-12\projekt\2007-39.html --> ftp.internethotellet.com /public_html/ekhagastiftelsen.a.se/projekt 2007-39.html
2008.05.12 23:07 B C:\Ekhagastiftelsen\Webb&Mail\Internetsajt\2008-05-12\projekt\2007-41.html --> ftp.internethotellet.com /public_html/ekhagastiftelsen.a.se/projekt 2007-41.html
2008.05.12 23:07 B C:\Ekhagastiftelsen\Webb&Mail\Internetsajt\2008-05-12\projekt\2007-42.html --> ftp.internethotellet.com /public_html/ekhagastiftelsen.a.se/projekt 2007-42.html
2008.05.12 23:07 B C:\Ekhagastiftelsen\Webb&Mail\Internetsajt\2008-05-12\projekt\2007-45.html --> ftp.internethotellet.com /public_html/ekhagastiftelsen.a.se/projekt 2007-45.html
2008.05.12 23:07 B C:\Ekhagastiftelsen\Webb&Mail\Internetsajt\2008-05-12\projekt\2007-47.html --> ftp.internethotellet.com /public_html/ekhagastiftelsen.a.se/projekt 2007-47.html
2008.05.12 23:07 B C:\Ekhagastiftelsen\Webb&Mail\Internetsajt\2008-05-12\projekt\2007-48.html --> ftp.internethotellet.com /public_html/ekhagastiftelsen.a.se/projekt 2007-48.html
2008.05.12 23:07 B C:\Ekhagastiftelsen\Webb&Mail\Internetsajt\2008-05-12\projekt\2007-53.html --> ftp.internethotellet.com /public_html/ekhagastiftelsen.a.se/projekt 2007-53.html
2008.05.12 23:07 B C:\Ekhagastiftelsen\Webb&Mail\Internetsajt\2008-05-12\projekt\2007-54.html --> ftp.internethotellet.com /public_html/ekhagastiftelsen.a.se/projekt 2007-54.html
2008.05.12 23:07 B C:\Ekhagastiftelsen\Webb&Mail\Internetsajt\2008-05-12\projekt\2007-56.html --> ftp.internethotellet.com /public_html/ekhagastiftelsen.a.se/projekt 2007-56.html
2008.05.12 23:07 B C:\Ekhagastiftelsen\Webb&Mail\Internetsajt\2008-05-12\projekt\2007-58.html --> ftp.internethotellet.com /public_html/ekhagastiftelsen.a.se/projekt 2007-58.html
2008.05.15 16:37 B C:\Ekhagastiftelsen\Webb&Mail\Internetsajt\2008-05-12\projekt\2001-46.html --> ftp.internethotellet.com /public_html/ekhagastiftelsen.a.se/projekt 2001-46.html
2008.05.15 16:37 B C:\Ekhagastiftelsen\Webb&Mail\Internetsajt\2008-05-12\projekt\2001-47.html --> ftp.internethotellet.com /public_html/ekhagastiftelsen.a.se/projekt 2001-47.html
2008.05.15 16:37 B C:\Ekhagastiftelsen\Webb&Mail\Internetsajt\2008-05-12\projekt\2001-5.html --> ftp.internethotellet.com /public_html/ekhagastiftelsen.a.se/projekt 2001-5.html
2008.05.15 16:37 B C:\Ekhagastiftelsen\Webb&Mail\Internetsajt\2008-05-12\projekt\2001-54.html --> ftp.internethotellet.com /public_html/ekhagastiftelsen.a.se/projekt 2001-54.html
2008.05.15 16:37 B C:\Ekhagastiftelsen\Webb&Mail\Internetsajt\2008-05-12\projekt\2001-14.html --> ftp.internethotellet.com /public_html/ekhagastiftelsen.a.se/projekt 2001-14.html
2008.05.15 16:37 B C:\Ekhagastiftelsen\Webb&Mail\Internetsajt\2008-05-12\projekt\2001-16.html --> ftp.internethotellet.com /public_html/ekhagastiftelsen.a.se/projekt 2001-16.html
2008.05.15 16:37 B C:\Ekhagastiftelsen\Webb&Mail\Internetsajt\2008-05-12\projekt\2001-23.html --> ftp.internethotellet.com /public_html/ekhagastiftelsen.a.se/projekt 2001-23.html
2008.05.15 16:37 B C:\Ekhagastiftelsen\Webb&Mail\Internetsajt\2008-05-12\projekt\2001-30.html --> ftp.internethotellet.com /public_html/ekhagastiftelsen.a.se/projekt 2001-30.html
2008.05.15 16:37 B C:\Ekhagastiftelsen\Webb&Mail\Internetsajt\2008-05-12\projekt\2001-34.html --> ftp.internethotellet.com /public_html/ekhagastiftelsen.a.se/projekt 2001-34.html
2008.05.15 16:37 B C:\Ekhagastiftelsen\Webb&Mail\Internetsajt\2008-05-12\projekt\2001-35.html --> ftp.internethotellet.com /public_html/ekhagastiftelsen.a.se/projekt 2001-35.html
2008.05.15 16:37 B C:\Ekhagastiftelsen\Webb&Mail\Internetsajt\2008-05-12\projekt\2001-37.html --> ftp.internethotellet.com /public_html/ekhagastiftelsen.a.se/projekt 2001-37.html
2008.05.15 16:37 B C:\Ekhagastiftelsen\Webb&Mail\Internetsajt\2008-05-12\projekt\2001-39.html --> ftp.internethotellet.com /public_html/ekhagastiftelsen.a.se/projekt 2001-39.html
2008.05.15 16:37 B C:\Ekhagastiftelsen\Webb&Mail\Internetsajt\2008-05-12\projekt\2001-40.html --> ftp.internethotellet.com /public_html/ekhagastiftelsen.a.se/projekt 2001-40.html
2008.05.15 16:37 B C:\Ekhagastiftelsen\Webb&Mail\Internetsajt\2008-05-12\projekt\2002-30.html --> ftp.internethotellet.com /public_html/ekhagastiftelsen.a.se/projekt 2002-30.html
2008.05.15 16:37 B C:\Ekhagastiftelsen\Webb&Mail\Internetsajt\2008-05-12\projekt\2002-31.html --> ftp.internethotellet.com /public_html/ekhagastiftelsen.a.se/projekt 2002-31.html
2008.05.15 16:37 B C:\Ekhagastiftelsen\Webb&Mail\Internetsajt\2008-05-12\projekt\2001-81.html --> ftp.internethotellet.com /public_html/ekhagastiftelsen.a.se/projekt 2001-81.html
2008.05.15 16:37 B C:\Ekhagastiftelsen\Webb&Mail\Internetsajt\2008-05-12\projekt\2001-82.html --> ftp.internethotellet.com /public_html/ekhagastiftelsen.a.se/projekt 2001-82.html
2008.05.15 16:37 B C:\Ekhagastiftelsen\Webb&Mail\Internetsajt\2008-05-12\projekt\2001-83.html --> ftp.internethotellet.com /public_html/ekhagastiftelsen.a.se/projekt 2001-83.html
2008.05.15 16:37 B C:\Ekhagastiftelsen\Webb&Mail\Internetsajt\2008-05-12\projekt\2002-10.html --> ftp.internethotellet.com /public_html/ekhagastiftelsen.a.se/projekt 2002-10.html
2008.05.15 16:37 B C:\Ekhagastiftelsen\Webb&Mail\Internetsajt\2008-05-12\projekt\2002-14.html --> ftp.internethotellet.com /public_html/ekhagastiftelsen.a.se/projekt 2002-14.html
2008.05.15 16:37 B C:\Ekhagastiftelsen\Webb&Mail\Internetsajt\2008-05-12\projekt\2002-18.html --> ftp.internethotellet.com /public_html/ekhagastiftelsen.a.se/projekt 2002-18.html
2008.05.15 16:37 B C:\Ekhagastiftelsen\Webb&Mail\Internetsajt\2008-05-12\projekt\2002-2.html --> ftp.internethotellet.com /public_html/ekhagastiftelsen.a.se/projekt 2002-2.html
2008.05.15 16:37 B C:\Ekhagastiftelsen\Webb&Mail\Internetsajt\2008-05-12\projekt\2002-21.html --> ftp.internethotellet.com /public_html/ekhagastiftelsen.a.se/projekt 2002-21.html
2008.05.15 16:37 B C:\Ekhagastiftelsen\Webb&Mail\Internetsajt\2008-05-12\projekt\2002-25.html --> ftp.internethotellet.com /public_html/ekhagastiftelsen.a.se/projekt 2002-25.html
2008.05.15 16:37 B C:\Ekhagastiftelsen\Webb&Mail\Internetsajt\2008-05-12\projekt\2003-53.html --> ftp.internethotellet.com /public_html/ekhagastiftelsen.a.se/projekt 2003-53.html
2008.05.15 16:37 B C:\Ekhagastiftelsen\Webb&Mail\Internetsajt\2008-05-12\projekt\2003-54.html --> ftp.internethotellet.com /public_html/ekhagastiftelsen.a.se/projekt 2003-54.html
2008.05.15 16:37 B C:\Ekhagastiftelsen\Webb&Mail\Internetsajt\2008-05-12\projekt\2003-56.html --> ftp.internethotellet.com /public_html/ekhagastiftelsen.a.se/projekt 2003-56.html
2008.05.15 16:37 B C:\Ekhagastiftelsen\Webb&Mail\Internetsajt\2008-05-12\projekt\2003-59.html --> ftp.internethotellet.com /public_html/ekhagastiftelsen.a.se/projekt 2003-59.html
2008.05.15 16:37 B C:\Ekhagastiftelsen\Webb&Mail\Internetsajt\2008-05-12\projekt\2003-62.html --> ftp.internethotellet.com /public_html/ekhagastiftelsen.a.se/projekt 2003-62.html
2008.05.15 16:37 B C:\Ekhagastiftelsen\Webb&Mail\Internetsajt\2008-05-12\projekt\2004-18.html --> ftp.internethotellet.com /public_html/ekhagastiftelsen.a.se/projekt 2004-18.html
2008.05.15 16:37 B C:\Ekhagastiftelsen\Webb&Mail\Internetsajt\2008-05-12\projekt\2004-20.html --> ftp.internethotellet.com /public_html/ekhagastiftelsen.a.se/projekt 2004-20.html
2008.05.15 16:37 B C:\Ekhagastiftelsen\Webb&Mail\Internetsajt\2008-05-12\projekt\2004-22.html --> ftp.internethotellet.com /public_html/ekhagastiftelsen.a.se/projekt 2004-22.html
2008.05.15 16:37 B C:\Ekhagastiftelsen\Webb&Mail\Internetsajt\2008-05-12\projekt\2004-24.html --> ftp.internethotellet.com /public_html/ekhagastiftelsen.a.se/projekt 2004-24.html
2008.05.15 16:37 B C:\Ekhagastiftelsen\Webb&Mail\Internetsajt\2008-05-12\projekt\2004-3.html --> ftp.internethotellet.com /public_html/ekhagastiftelsen.a.se/projekt 2004-3.html
2008.05.15 16:37 B C:\Ekhagastiftelsen\Webb&Mail\Internetsajt\2008-05-12\projekt\2001-58.html --> ftp.internethotellet.com /public_html/ekhagastiftelsen.a.se/projekt 2001-58.html
2008.05.15 16:37 B C:\Ekhagastiftelsen\Webb&Mail\Internetsajt\2008-05-12\projekt\2001-59.html --> ftp.internethotellet.com /public_html/ekhagastiftelsen.a.se/projekt 2001-59.html
2008.05.15 16:37 B C:\Ekhagastiftelsen\Webb&Mail\Internetsajt\2008-05-12\projekt\2001-64.html --> ftp.internethotellet.com /public_html/ekhagastiftelsen.a.se/projekt 2001-64.html
2008.05.15 16:37 B C:\Ekhagastiftelsen\Webb&Mail\Internetsajt\2008-05-12\projekt\2001-7.html --> ftp.internethotellet.com /public_html/ekhagastiftelsen.a.se/projekt 2001-7.html
2008.05.15 16:37 B C:\Ekhagastiftelsen\Webb&Mail\Internetsajt\2008-05-12\projekt\2001-74.html --> ftp.internethotellet.com /public_html/ekhagastiftelsen.a.se/projekt 2001-74.html
2008.05.15 16:37 B C:\Ekhagastiftelsen\Webb&Mail\Internetsajt\2008-05-12\projekt\2001-78.html --> ftp.internethotellet.com /public_html/ekhagastiftelsen.a.se/projekt 2001-78.html
2008.05.15 16:37 B C:\Ekhagastiftelsen\Webb&Mail\Internetsajt\2008-05-12\projekt\2001-80.html --> ftp.internethotellet.com /public_html/ekhagastiftelsen.a.se/projekt 2001-80.html
2008.05.15 16:37 B C:\Ekhagastiftelsen\Webb&Mail\Internetsajt\2008-05-12\projekt\2002-34.html --> ftp.internethotellet.com /public_html/ekhagastiftelsen.a.se/projekt 2002-34.html
2008.05.15 16:37 B C:\Ekhagastiftelsen\Webb&Mail\Internetsajt\2008-05-12\projekt\2002-4.html --> ftp.internethotellet.com /public_html/ekhagastiftelsen.a.se/projekt 2002-4.html
2008.05.15 16:37 B C:\Ekhagastiftelsen\Webb&Mail\Internetsajt\2008-05-12\projekt\2002-41.html --> ftp.internethotellet.com /public_html/ekhagastiftelsen.a.se/projekt 2002-41.html
2008.05.15 16:37 B C:\Ekhagastiftelsen\Webb&Mail\Internetsajt\2008-05-12\projekt\2002-42.html --> ftp.internethotellet.com /public_html/ekhagastiftelsen.a.se/projekt 2002-42.html
2008.05.15 16:37 B C:\Ekhagastiftelsen\Webb&Mail\Internetsajt\2008-05-12\projekt\2002-44.html --> ftp.internethotellet.com /public_html/ekhagastiftelsen.a.se/projekt 2002-44.html
2008.05.15 16:37 B C:\Ekhagastiftelsen\Webb&Mail\Internetsajt\2008-05-12\projekt\2002-45.html --> ftp.internethotellet.com /public_html/ekhagastiftelsen.a.se/projekt 2002-45.html
2008.05.15 16:37 B C:\Ekhagastiftelsen\Webb&Mail\Internetsajt\2008-05-12\projekt\2002-49.html --> ftp.internethotellet.com /public_html/ekhagastiftelsen.a.se/projekt 2002-49.html
2008.05.15 16:37 B C:\Ekhagastiftelsen\Webb&Mail\Internetsajt\2008-05-12\projekt\2002-55.html --> ftp.internethotellet.com /public_html/ekhagastiftelsen.a.se/projekt 2002-55.html
2008.05.15 16:37 B C:\Ekhagastiftelsen\Webb&Mail\Internetsajt\2008-05-12\projekt\2002-63.html --> ftp.internethotellet.com /public_html/ekhagastiftelsen.a.se/projekt 2002-63.html
2008.05.15 16:37 B C:\Ekhagastiftelsen\Webb&Mail\Internetsajt\2008-05-12\projekt\2003-13.html --> ftp.internethotellet.com /public_html/ekhagastiftelsen.a.se/projekt 2003-13.html
2008.05.15 16:37 B C:\Ekhagastiftelsen\Webb&Mail\Internetsajt\2008-05-12\projekt\2003-16.html --> ftp.internethotellet.com /public_html/ekhagastiftelsen.a.se/projekt 2003-16.html
2008.05.15 16:37 B C:\Ekhagastiftelsen\Webb&Mail\Internetsajt\2008-05-12\projekt\2003-25.html --> ftp.internethotellet.com /public_html/ekhagastiftelsen.a.se/projekt 2003-25.html
2008.05.15 16:37 B C:\Ekhagastiftelsen\Webb&Mail\Internetsajt\2008-05-12\projekt\2003-28.html --> ftp.internethotellet.com /public_html/ekhagastiftelsen.a.se/projekt 2003-28.html
2008.05.15 16:37 B C:\Ekhagastiftelsen\Webb&Mail\Internetsajt\2008-05-12\projekt\2003-36.html --> ftp.internethotellet.com /public_html/ekhagastiftelsen.a.se/projekt 2003-36.html
2008.05.15 16:37 B C:\Ekhagastiftelsen\Webb&Mail\Internetsajt\2008-05-12\projekt\2003-41.html --> ftp.internethotellet.com /public_html/ekhagastiftelsen.a.se/projekt 2003-41.html
2008.05.15 16:37 B C:\Ekhagastiftelsen\Webb&Mail\Internetsajt\2008-05-12\projekt\2003-46.html --> ftp.internethotellet.com /public_html/ekhagastiftelsen.a.se/projekt 2003-46.html
2008.05.15 16:37 B C:\Ekhagastiftelsen\Webb&Mail\Internetsajt\2008-05-12\projekt\2003-5.html --> ftp.internethotellet.com /public_html/ekhagastiftelsen.a.se/projekt 2003-5.html
2008.05.15 16:37 B C:\Ekhagastiftelsen\Webb&Mail\Internetsajt\2008-05-12\projekt\2003-51.html --> ftp.internethotellet.com /public_html/ekhagastiftelsen.a.se/projekt 2003-51.html
2008.05.15 16:37 B C:\Ekhagastiftelsen\Webb&Mail\Internetsajt\2008-05-12\projekt\2005-16.html --> ftp.internethotellet.com /public_html/ekhagastiftelsen.a.se/projekt 2005-16.html
2008.05.15 16:37 B C:\Ekhagastiftelsen\Webb&Mail\Internetsajt\2008-05-12\projekt\2005-20.html --> ftp.internethotellet.com /public_html/ekhagastiftelsen.a.se/projekt 2005-20.html
2008.05.15 16:37 B C:\Ekhagastiftelsen\Webb&Mail\Internetsajt\2008-05-12\projekt\2005-26.html --> ftp.internethotellet.com /public_html/ekhagastiftelsen.a.se/projekt 2005-26.html
2008.05.15 16:37 B C:\Ekhagastiftelsen\Webb&Mail\Internetsajt\2008-05-12\projekt\2005-28.html --> ftp.internethotellet.com /public_html/ekhagastiftelsen.a.se/projekt 2005-28.html
2008.05.15 16:37 B C:\Ekhagastiftelsen\Webb&Mail\Internetsajt\2008-05-12\projekt\2005-33.html --> ftp.internethotellet.com /public_html/ekhagastiftelsen.a.se/projekt 2005-33.html
2008.05.15 16:37 B C:\Ekhagastiftelsen\Webb&Mail\Internetsajt\2008-05-12\projekt\2005-35.html --> ftp.internethotellet.com /public_html/ekhagastiftelsen.a.se/projekt 2005-35.html
2008.05.15 16:37 B C:\Ekhagastiftelsen\Webb&Mail\Internetsajt\2008-05-12\projekt\2005-36.html --> ftp.internethotellet.com /public_html/ekhagastiftelsen.a.se/projekt 2005-36.html
2008.05.15 16:37 B C:\Ekhagastiftelsen\Webb&Mail\Internetsajt\2008-05-12\projekt\2005-42.html --> ftp.internethotellet.com /public_html/ekhagastiftelsen.a.se/projekt 2005-42.html
2008.05.15 16:37 B C:\Ekhagastiftelsen\Webb&Mail\Internetsajt\2008-05-12\projekt\2005-45.html --> ftp.internethotellet.com /public_html/ekhagastiftelsen.a.se/projekt 2005-45.html
2008.05.15 16:37 B C:\Ekhagastiftelsen\Webb&Mail\Internetsajt\2008-05-12\projekt\2005-46.html --> ftp.internethotellet.com /public_html/ekhagastiftelsen.a.se/projekt 2005-46.html
2008.05.15 16:37 B C:\Ekhagastiftelsen\Webb&Mail\Internetsajt\2008-05-12\projekt\2005-48.html --> ftp.internethotellet.com /public_html/ekhagastiftelsen.a.se/projekt 2005-48.html
2008.05.15 16:37 B C:\Ekhagastiftelsen\Webb&Mail\Internetsajt\2008-05-12\projekt\2005-6.html --> ftp.internethotellet.com /public_html/ekhagastiftelsen.a.se/projekt 2005-6.html
2008.05.15 16:37 B C:\Ekhagastiftelsen\Webb&Mail\Internetsajt\2008-05-12\projekt\2006-07.html --> ftp.internethotellet.com /public_html/ekhagastiftelsen.a.se/projekt 2006-07.html
2008.05.15 16:37 B C:\Ekhagastiftelsen\Webb&Mail\Internetsajt\2008-05-12\projekt\2006-09.html --> ftp.internethotellet.com /public_html/ekhagastiftelsen.a.se/projekt 2006-09.html
2008.05.15 16:37 B C:\Ekhagastiftelsen\Webb&Mail\Internetsajt\2008-05-12\projekt\2006-10.html --> ftp.internethotellet.com /public_html/ekhagastiftelsen.a.se/projekt 2006-10.html
2008.05.15 16:37 B C:\Ekhagastiftelsen\Webb&Mail\Internetsajt\2008-05-12\projekt\2006-16.html --> ftp.internethotellet.com /public_html/ekhagastiftelsen.a.se/projekt 2006-16.html
2008.05.15 16:37 B C:\Ekhagastiftelsen\Webb&Mail\Internetsajt\2008-05-12\projekt\2006-21.html --> ftp.internethotellet.com /public_html/ekhagastiftelsen.a.se/projekt 2006-21.html
2008.05.15 16:37 B C:\Ekhagastiftelsen\Webb&Mail\Internetsajt\2008-05-12\projekt\2006-23.html --> ftp.internethotellet.com /public_html/ekhagastiftelsen.a.se/projekt 2006-23.html
2008.05.15 16:37 B C:\Ekhagastiftelsen\Webb&Mail\Internetsajt\2008-05-12\projekt\2006-27.html --> ftp.internethotellet.com /public_html/ekhagastiftelsen.a.se/projekt 2006-27.html
2008.05.15 16:37 B C:\Ekhagastiftelsen\Webb&Mail\Internetsajt\2008-05-12\projekt\2006-29.html --> ftp.internethotellet.com /public_html/ekhagastiftelsen.a.se/projekt 2006-29.html
2008.05.15 16:37 B C:\Ekhagastiftelsen\Webb&Mail\Internetsajt\2008-05-12\projekt\2006-30.html --> ftp.internethotellet.com /public_html/ekhagastiftelsen.a.se/projekt 2006-30.html
2008.05.15 16:37 B C:\Ekhagastiftelsen\Webb&Mail\Internetsajt\2008-05-12\projekt\2004-31.html --> ftp.internethotellet.com /public_html/ekhagastiftelsen.a.se/projekt 2004-31.html
2008.05.15 16:37 B C:\Ekhagastiftelsen\Webb&Mail\Internetsajt\2008-05-12\projekt\2004-34.html --> ftp.internethotellet.com /public_html/ekhagastiftelsen.a.se/projekt 2004-34.html
2008.05.15 16:37 B C:\Ekhagastiftelsen\Webb&Mail\Internetsajt\2008-05-12\projekt\2004-36.html --> ftp.internethotellet.com /public_html/ekhagastiftelsen.a.se/projekt 2004-36.html
2008.05.15 16:37 B C:\Ekhagastiftelsen\Webb&Mail\Internetsajt\2008-05-12\projekt\2004-39.html --> ftp.internethotellet.com /public_html/ekhagastiftelsen.a.se/projekt 2004-39.html
2008.05.15 16:37 B C:\Ekhagastiftelsen\Webb&Mail\Internetsajt\2008-05-12\projekt\2004-43.html --> ftp.internethotellet.com /public_html/ekhagastiftelsen.a.se/projekt 2004-43.html
2008.05.15 16:37 B C:\Ekhagastiftelsen\Webb&Mail\Internetsajt\2008-05-12\projekt\2004-52.html --> ftp.internethotellet.com /public_html/ekhagastiftelsen.a.se/projekt 2004-52.html
2008.05.15 16:37 B C:\Ekhagastiftelsen\Webb&Mail\Internetsajt\2008-05-12\projekt\2004-55.html --> ftp.internethotellet.com /public_html/ekhagastiftelsen.a.se/projekt 2004-55.html
2008.05.15 16:37 B C:\Ekhagastiftelsen\Webb&Mail\Internetsajt\2008-05-12\projekt\2004-57.html --> ftp.internethotellet.com /public_html/ekhagastiftelsen.a.se/projekt 2004-57.html
2008.05.15 16:37 B C:\Ekhagastiftelsen\Webb&Mail\Internetsajt\2008-05-12\projekt\2004-62.html --> ftp.internethotellet.com /public_html/ekhagastiftelsen.a.se/projekt 2004-62.html
2008.05.15 16:37 B C:\Ekhagastiftelsen\Webb&Mail\Internetsajt\2008-05-12\projekt\2004-73.html --> ftp.internethotellet.com /public_html/ekhagastiftelsen.a.se/projekt 2004-73.html
2008.05.15 16:37 B C:\Ekhagastiftelsen\Webb&Mail\Internetsajt\2008-05-12\projekt\2005-14.html --> ftp.internethotellet.com /public_html/ekhagastiftelsen.a.se/projekt 2005-14.html
2008.05.15 16:37 B C:\Ekhagastiftelsen\Webb&Mail\Internetsajt\2008-05-12\projekt\2006-68.html --> ftp.internethotellet.com /public_html/ekhagastiftelsen.a.se/projekt 2006-68.html
2008.05.15 16:37 B C:\Ekhagastiftelsen\Webb&Mail\Internetsajt\2008-05-12\projekt\2006-69.html --> ftp.internethotellet.com /public_html/ekhagastiftelsen.a.se/projekt 2006-69.html
2008.05.15 16:37 B C:\Ekhagastiftelsen\Webb&Mail\Internetsajt\2008-05-12\projekt\2006-71.html --> ftp.internethotellet.com /public_html/ekhagastiftelsen.a.se/projekt 2006-71.html
2008.05.15 16:37 B C:\Ekhagastiftelsen\Webb&Mail\Internetsajt\2008-05-12\projekt\2007-17.html --> ftp.internethotellet.com /public_html/ekhagastiftelsen.a.se/projekt 2007-17.html
2008.05.15 16:37 B C:\Ekhagastiftelsen\Webb&Mail\Internetsajt\2008-05-12\projekt\2006-32.html --> ftp.internethotellet.com /public_html/ekhagastiftelsen.a.se/projekt 2006-32.html
2008.05.15 16:37 B C:\Ekhagastiftelsen\Webb&Mail\Internetsajt\2008-05-12\projekt\2006-33.html --> ftp.internethotellet.com /public_html/ekhagastiftelsen.a.se/projekt 2006-33.html
2008.05.15 16:37 B C:\Ekhagastiftelsen\Webb&Mail\Internetsajt\2008-05-12\projekt\2006-38.html --> ftp.internethotellet.com /public_html/ekhagastiftelsen.a.se/projekt 2006-38.html
2008.05.15 16:37 B C:\Ekhagastiftelsen\Webb&Mail\Internetsajt\2008-05-12\projekt\2006-40.html --> ftp.internethotellet.com /public_html/ekhagastiftelsen.a.se/projekt 2006-40.html
2008.05.15 16:37 B C:\Ekhagastiftelsen\Webb&Mail\Internetsajt\2008-05-12\projekt\2006-42.html --> ftp.internethotellet.com /public_html/ekhagastiftelsen.a.se/projekt 2006-42.html
2008.05.15 16:37 B C:\Ekhagastiftelsen\Webb&Mail\Internetsajt\2008-05-12\projekt\2006-43.html --> ftp.internethotellet.com /public_html/ekhagastiftelsen.a.se/projekt 2006-43.html
2008.05.15 16:37 B C:\Ekhagastiftelsen\Webb&Mail\Internetsajt\2008-05-12\projekt\2006-44.html --> ftp.internethotellet.com /public_html/ekhagastiftelsen.a.se/projekt 2006-44.html
2008.05.15 16:37 B C:\Ekhagastiftelsen\Webb&Mail\Internetsajt\2008-05-12\projekt\2006-46.html --> ftp.internethotellet.com /public_html/ekhagastiftelsen.a.se/projekt 2006-46.html
2008.05.15 16:37 B C:\Ekhagastiftelsen\Webb&Mail\Internetsajt\2008-05-12\projekt\2006-52.html --> ftp.internethotellet.com /public_html/ekhagastiftelsen.a.se/projekt 2006-52.html
2008.05.15 16:37 B C:\Ekhagastiftelsen\Webb&Mail\Internetsajt\2008-05-12\projekt\2006-53.html --> ftp.internethotellet.com /public_html/ekhagastiftelsen.a.se/projekt 2006-53.html
2008.05.15 16:37 B C:\Ekhagastiftelsen\Webb&Mail\Internetsajt\2008-05-12\projekt\2006-54.html --> ftp.internethotellet.com /public_html/ekhagastiftelsen.a.se/projekt 2006-54.html
2008.05.15 16:37 B C:\Ekhagastiftelsen\Webb&Mail\Internetsajt\2008-05-12\projekt\2006-58.html --> ftp.internethotellet.com /public_html/ekhagastiftelsen.a.se/projekt 2006-58.html
2008.05.15 16:37 B C:\Ekhagastiftelsen\Webb&Mail\Internetsajt\2008-05-12\projekt\2006-62.html --> ftp.internethotellet.com /public_html/ekhagastiftelsen.a.se/projekt 2006-62.html
2008.05.15 16:37 B C:\Ekhagastiftelsen\Webb&Mail\Internetsajt\2008-05-12\projekt\2006-65.html --> ftp.internethotellet.com /public_html/ekhagastiftelsen.a.se/projekt 2006-65.html
2008.05.15 16:37 B C:\Ekhagastiftelsen\Webb&Mail\Internetsajt\2008-05-12\projekt\2006-67.html --> ftp.internethotellet.com /public_html/ekhagastiftelsen.a.se/projekt 2006-67.html
2008.05.15 16:37 B C:\Ekhagastiftelsen\Webb&Mail\Internetsajt\2008-05-12\projekt\projektmall.html --> ftp.internethotellet.com /public_html/ekhagastiftelsen.a.se/projekt projektmall.html
2008.05.15 16:37 B C:\Ekhagastiftelsen\Webb&Mail\Internetsajt\2008-05-12\projekt\2006-70.html --> ftp.internethotellet.com /public_html/ekhagastiftelsen.a.se/projekt 2006-70.html
2008.09.29 01:29 A C:\Ekhagastiftelsen\Webb&Mail\Internetsajt\2008-09-28\projekt\projektmall.html --> ftp.internethotellet.com /public_html/ekhagastiftelsen.a.se/projekt projektmall.html
2008.09.29 01:29 A C:\Ekhagastiftelsen\Webb&Mail\Internetsajt\2008-09-28\projekt\2008-87.html --> ftp.internethotellet.com /public_html/ekhagastiftelsen.a.se/projekt 2008-87.html
2008.09.29 01:29 A C:\Ekhagastiftelsen\Webb&Mail\Internetsajt\2008-09-28\projekt\2008-82.html --> ftp.internethotellet.com /public_html/ekhagastiftelsen.a.se/projekt 2008-82.html
2008.09.29 01:29 A C:\Ekhagastiftelsen\Webb&Mail\Internetsajt\2008-09-28\projekt\2008-79.html --> ftp.internethotellet.com /public_html/ekhagastiftelsen.a.se/projekt 2008-79.html
2008.09.29 01:29 A C:\Ekhagastiftelsen\Webb&Mail\Internetsajt\2008-09-28\projekt\2008-69.html --> ftp.internethotellet.com /public_html/ekhagastiftelsen.a.se/projekt 2008-69.html
2008.09.29 01:29 A C:\Ekhagastiftelsen\Webb&Mail\Internetsajt\2008-09-28\projekt\2008-66.html --> ftp.internethotellet.com /public_html/ekhagastiftelsen.a.se/projekt 2008-66.html
2008.09.29 01:29 A C:\Ekhagastiftelsen\Webb&Mail\Internetsajt\2008-09-28\projekt\2008-62.html --> ftp.internethotellet.com /public_html/ekhagastiftelsen.a.se/projekt 2008-62.html
2008.09.29 01:29 A C:\Ekhagastiftelsen\Webb&Mail\Internetsajt\2008-09-28\projekt\2008-59.html --> ftp.internethotellet.com /public_html/ekhagastiftelsen.a.se/projekt 2008-59.html
2008.09.29 01:29 A C:\Ekhagastiftelsen\Webb&Mail\Internetsajt\2008-09-28\projekt\2008-58.html --> ftp.internethotellet.com /public_html/ekhagastiftelsen.a.se/projekt 2008-58.html
2008.09.29 01:29 A C:\Ekhagastiftelsen\Webb&Mail\Internetsajt\2008-09-28\projekt\2008-44.html --> ftp.internethotellet.com /public_html/ekhagastiftelsen.a.se/projekt 2008-44.html
2008.09.29 01:29 A C:\Ekhagastiftelsen\Webb&Mail\Internetsajt\2008-09-28\projekt\2008-43.html --> ftp.internethotellet.com /public_html/ekhagastiftelsen.a.se/projekt 2008-43.html
2008.09.29 01:29 A C:\Ekhagastiftelsen\Webb&Mail\Internetsajt\2008-09-28\projekt\2008-33.html --> ftp.internethotellet.com /public_html/ekhagastiftelsen.a.se/projekt 2008-33.html
2008.09.29 01:29 A C:\Ekhagastiftelsen\Webb&Mail\Internetsajt\2008-09-28\projekt\2008-27.html --> ftp.internethotellet.com /public_html/ekhagastiftelsen.a.se/projekt 2008-27.html
2008.09.29 01:29 A C:\Ekhagastiftelsen\Webb&Mail\Internetsajt\2008-09-28\projekt\2008-23.html --> ftp.internethotellet.com /public_html/ekhagastiftelsen.a.se/projekt 2008-23.html
2008.09.29 01:29 A C:\Ekhagastiftelsen\Webb&Mail\Internetsajt\2008-09-28\projekt\2008-14.html --> ftp.internethotellet.com /public_html/ekhagastiftelsen.a.se/projekt 2008-14.html
2008.09.29 01:29 A C:\Ekhagastiftelsen\Webb&Mail\Internetsajt\2008-09-28\projekt\2008-11.html --> ftp.internethotellet.com /public_html/ekhagastiftelsen.a.se/projekt 2008-11.html
2008.09.29 01:29 A C:\Ekhagastiftelsen\Webb&Mail\Internetsajt\2008-09-28\projekt\2007-58.html --> ftp.internethotellet.com /public_html/ekhagastiftelsen.a.se/projekt 2007-58.html
2008.09.29 01:29 A C:\Ekhagastiftelsen\Webb&Mail\Internetsajt\2008-09-28\projekt\2007-56.html --> ftp.internethotellet.com /public_html/ekhagastiftelsen.a.se/projekt 2007-56.html
2008.09.29 01:29 A C:\Ekhagastiftelsen\Webb&Mail\Internetsajt\2008-09-28\projekt\2007-54.html --> ftp.internethotellet.com /public_html/ekhagastiftelsen.a.se/projekt 2007-54.html
2008.09.29 01:29 A C:\Ekhagastiftelsen\Webb&Mail\Internetsajt\2008-09-28\projekt\2007-53.html --> ftp.internethotellet.com /public_html/ekhagastiftelsen.a.se/projekt 2007-53.html
2008.09.29 01:29 A C:\Ekhagastiftelsen\Webb&Mail\Internetsajt\2008-09-28\projekt\2007-48.html --> ftp.internethotellet.com /public_html/ekhagastiftelsen.a.se/projekt 2007-48.html
2008.09.29 01:29 A C:\Ekhagastiftelsen\Webb&Mail\Internetsajt\2008-09-28\projekt\2007-47.html --> ftp.internethotellet.com /public_html/ekhagastiftelsen.a.se/projekt 2007-47.html
2008.09.29 01:29 A C:\Ekhagastiftelsen\Webb&Mail\Internetsajt\2008-09-28\projekt\2007-45.html --> ftp.internethotellet.com /public_html/ekhagastiftelsen.a.se/projekt 2007-45.html
2008.09.29 01:29 A C:\Ekhagastiftelsen\Webb&Mail\Internetsajt\2008-09-28\projekt\2007-42.html --> ftp.internethotellet.com /public_html/ekhagastiftelsen.a.se/projekt 2007-42.html
2008.09.29 01:29 A C:\Ekhagastiftelsen\Webb&Mail\Internetsajt\2008-09-28\projekt\2007-41.html --> ftp.internethotellet.com /public_html/ekhagastiftelsen.a.se/projekt 2007-41.html
2008.09.29 01:29 A C:\Ekhagastiftelsen\Webb&Mail\Internetsajt\2008-09-28\projekt\2007-39.html --> ftp.internethotellet.com /public_html/ekhagastiftelsen.a.se/projekt 2007-39.html
2008.09.29 01:29 A C:\Ekhagastiftelsen\Webb&Mail\Internetsajt\2008-09-28\projekt\2007-38.html --> ftp.internethotellet.com /public_html/ekhagastiftelsen.a.se/projekt 2007-38.html
2008.09.29 01:29 A C:\Ekhagastiftelsen\Webb&Mail\Internetsajt\2008-09-28\projekt\2007-37.html --> ftp.internethotellet.com /public_html/ekhagastiftelsen.a.se/projekt 2007-37.html
2008.09.29 01:29 A C:\Ekhagastiftelsen\Webb&Mail\Internetsajt\2008-09-28\projekt\2007-34.html --> ftp.internethotellet.com /public_html/ekhagastiftelsen.a.se/projekt 2007-34.html
2008.09.29 01:29 A C:\Ekhagastiftelsen\Webb&Mail\Internetsajt\2008-09-28\projekt\2007-32.html --> ftp.internethotellet.com /public_html/ekhagastiftelsen.a.se/projekt 2007-32.html
2008.09.29 01:29 A C:\Ekhagastiftelsen\Webb&Mail\Internetsajt\2008-09-28\projekt\2007-30.html --> ftp.internethotellet.com /public_html/ekhagastiftelsen.a.se/projekt 2007-30.html
2008.09.29 01:29 A C:\Ekhagastiftelsen\Webb&Mail\Internetsajt\2008-09-28\projekt\2007-24.html --> ftp.internethotellet.com /public_html/ekhagastiftelsen.a.se/projekt 2007-24.html
2008.09.29 01:29 A C:\Ekhagastiftelsen\Webb&Mail\Internetsajt\2008-09-28\projekt\2007-23.html --> ftp.internethotellet.com /public_html/ekhagastiftelsen.a.se/projekt 2007-23.html
2008.09.29 01:29 A C:\Ekhagastiftelsen\Webb&Mail\Internetsajt\2008-09-28\projekt\2007-21.html --> ftp.internethotellet.com /public_html/ekhagastiftelsen.a.se/projekt 2007-21.html
2008.09.29 01:29 A C:\Ekhagastiftelsen\Webb&Mail\Internetsajt\2008-09-28\projekt\2007-17.html --> ftp.internethotellet.com /public_html/ekhagastiftelsen.a.se/projekt 2007-17.html
2008.09.29 01:29 A C:\Ekhagastiftelsen\Webb&Mail\Internetsajt\2008-09-28\projekt\2007-13.html --> ftp.internethotellet.com /public_html/ekhagastiftelsen.a.se/projekt 2007-13.html
2008.09.29 01:29 A C:\Ekhagastiftelsen\Webb&Mail\Internetsajt\2008-09-28\projekt\2007-11.html --> ftp.internethotellet.com /public_html/ekhagastiftelsen.a.se/projekt 2007-11.html
2008.09.29 01:29 A C:\Ekhagastiftelsen\Webb&Mail\Internetsajt\2008-09-28\projekt\2007-09.html --> ftp.internethotellet.com /public_html/ekhagastiftelsen.a.se/projekt 2007-09.html
2008.09.29 01:29 A C:\Ekhagastiftelsen\Webb&Mail\Internetsajt\2008-09-28\projekt\2007-07.html --> ftp.internethotellet.com /public_html/ekhagastiftelsen.a.se/projekt 2007-07.html
2008.09.29 01:29 A C:\Ekhagastiftelsen\Webb&Mail\Internetsajt\2008-09-28\projekt\2007-06.html --> ftp.internethotellet.com /public_html/ekhagastiftelsen.a.se/projekt 2007-06.html
2008.09.29 01:29 A C:\Ekhagastiftelsen\Webb&Mail\Internetsajt\2008-09-28\projekt\2007-04.html --> ftp.internethotellet.com /public_html/ekhagastiftelsen.a.se/projekt 2007-04.html
2008.09.29 01:29 A C:\Ekhagastiftelsen\Webb&Mail\Internetsajt\2008-09-28\projekt\2007-01.html --> ftp.internethotellet.com /public_html/ekhagastiftelsen.a.se/projekt 2007-01.html
2008.09.29 01:29 A C:\Ekhagastiftelsen\Webb&Mail\Internetsajt\2008-09-28\projekt\2006-71.html --> ftp.internethotellet.com /public_html/ekhagastiftelsen.a.se/projekt 2006-71.html
2008.09.29 01:29 A C:\Ekhagastiftelsen\Webb&Mail\Internetsajt\2008-09-28\projekt\2006-70.html --> ftp.internethotellet.com /public_html/ekhagastiftelsen.a.se/projekt 2006-70.html
2008.09.29 01:29 A C:\Ekhagastiftelsen\Webb&Mail\Internetsajt\2008-09-28\projekt\2006-69.html --> ftp.internethotellet.com /public_html/ekhagastiftelsen.a.se/projekt 2006-69.html
2008.09.29 01:29 A C:\Ekhagastiftelsen\Webb&Mail\Internetsajt\2008-09-28\projekt\2006-68.html --> ftp.internethotellet.com /public_html/ekhagastiftelsen.a.se/projekt 2006-68.html
2008.09.29 01:29 A C:\Ekhagastiftelsen\Webb&Mail\Internetsajt\2008-09-28\projekt\2006-67.html --> ftp.internethotellet.com /public_html/ekhagastiftelsen.a.se/projekt 2006-67.html
2008.09.29 01:29 A C:\Ekhagastiftelsen\Webb&Mail\Internetsajt\2008-09-28\projekt\2006-65.html --> ftp.internethotellet.com /public_html/ekhagastiftelsen.a.se/projekt 2006-65.html
2008.09.29 01:29 A C:\Ekhagastiftelsen\Webb&Mail\Internetsajt\2008-09-28\projekt\2006-62.html --> ftp.internethotellet.com /public_html/ekhagastiftelsen.a.se/projekt 2006-62.html
2008.09.29 01:29 A C:\Ekhagastiftelsen\Webb&Mail\Internetsajt\2008-09-28\projekt\2006-58.html --> ftp.internethotellet.com /public_html/ekhagastiftelsen.a.se/projekt 2006-58.html
2008.09.29 01:29 A C:\Ekhagastiftelsen\Webb&Mail\Internetsajt\2008-09-28\projekt\2006-54.html --> ftp.internethotellet.com /public_html/ekhagastiftelsen.a.se/projekt 2006-54.html
2008.09.29 01:29 A C:\Ekhagastiftelsen\Webb&Mail\Internetsajt\2008-09-28\projekt\2006-53.html --> ftp.internethotellet.com /public_html/ekhagastiftelsen.a.se/projekt 2006-53.html
2008.09.29 01:29 A C:\Ekhagastiftelsen\Webb&Mail\Internetsajt\2008-09-28\projekt\2006-52.html --> ftp.internethotellet.com /public_html/ekhagastiftelsen.a.se/projekt 2006-52.html
2008.09.29 01:29 A C:\Ekhagastiftelsen\Webb&Mail\Internetsajt\2008-09-28\projekt\2006-46.html --> ftp.internethotellet.com /public_html/ekhagastiftelsen.a.se/projekt 2006-46.html
2008.09.29 01:29 A C:\Ekhagastiftelsen\Webb&Mail\Internetsajt\2008-09-28\projekt\2006-44.html --> ftp.internethotellet.com /public_html/ekhagastiftelsen.a.se/projekt 2006-44.html
2008.09.29 01:29 A C:\Ekhagastiftelsen\Webb&Mail\Internetsajt\2008-09-28\projekt\2006-43.html --> ftp.internethotellet.com /public_html/ekhagastiftelsen.a.se/projekt 2006-43.html
2008.09.29 01:29 A C:\Ekhagastiftelsen\Webb&Mail\Internetsajt\2008-09-28\projekt\2006-42.html --> ftp.internethotellet.com /public_html/ekhagastiftelsen.a.se/projekt 2006-42.html
2008.09.29 01:29 A C:\Ekhagastiftelsen\Webb&Mail\Internetsajt\2008-09-28\projekt\2006-40.html --> ftp.internethotellet.com /public_html/ekhagastiftelsen.a.se/projekt 2006-40.html
2008.09.29 01:29 A C:\Ekhagastiftelsen\Webb&Mail\Internetsajt\2008-09-28\projekt\2006-38.html --> ftp.internethotellet.com /public_html/ekhagastiftelsen.a.se/projekt 2006-38.html
2008.09.29 01:29 A C:\Ekhagastiftelsen\Webb&Mail\Internetsajt\2008-09-28\projekt\2006-33.html --> ftp.internethotellet.com /public_html/ekhagastiftelsen.a.se/projekt 2006-33.html
2008.09.29 01:29 A C:\Ekhagastiftelsen\Webb&Mail\Internetsajt\2008-09-28\projekt\2006-32.html --> ftp.internethotellet.com /public_html/ekhagastiftelsen.a.se/projekt 2006-32.html
2008.09.29 01:29 A C:\Ekhagastiftelsen\Webb&Mail\Internetsajt\2008-09-28\projekt\2006-30.html --> ftp.internethotellet.com /public_html/ekhagastiftelsen.a.se/projekt 2006-30.html
2008.09.29 01:29 A C:\Ekhagastiftelsen\Webb&Mail\Internetsajt\2008-09-28\projekt\2006-29.html --> ftp.internethotellet.com /public_html/ekhagastiftelsen.a.se/projekt 2006-29.html
2008.09.29 01:29 A C:\Ekhagastiftelsen\Webb&Mail\Internetsajt\2008-09-28\projekt\2006-27.html --> ftp.internethotellet.com /public_html/ekhagastiftelsen.a.se/projekt 2006-27.html
2008.09.29 01:29 A C:\Ekhagastiftelsen\Webb&Mail\Internetsajt\2008-09-28\projekt\2006-23.html --> ftp.internethotellet.com /public_html/ekhagastiftelsen.a.se/projekt 2006-23.html
2008.09.29 01:29 A C:\Ekhagastiftelsen\Webb&Mail\Internetsajt\2008-09-28\projekt\2006-21.html --> ftp.internethotellet.com /public_html/ekhagastiftelsen.a.se/projekt 2006-21.html
2008.09.29 01:29 A C:\Ekhagastiftelsen\Webb&Mail\Internetsajt\2008-09-28\projekt\2006-16.html --> ftp.internethotellet.com /public_html/ekhagastiftelsen.a.se/projekt 2006-16.html
2008.09.29 01:29 A C:\Ekhagastiftelsen\Webb&Mail\Internetsajt\2008-09-28\projekt\2006-10.html --> ftp.internethotellet.com /public_html/ekhagastiftelsen.a.se/projekt 2006-10.html
2008.09.29 01:29 A C:\Ekhagastiftelsen\Webb&Mail\Internetsajt\2008-09-28\projekt\2006-09.html --> ftp.internethotellet.com /public_html/ekhagastiftelsen.a.se/projekt 2006-09.html
2008.09.29 01:29 A C:\Ekhagastiftelsen\Webb&Mail\Internetsajt\2008-09-28\projekt\2006-07.html --> ftp.internethotellet.com /public_html/ekhagastiftelsen.a.se/projekt 2006-07.html
2008.09.29 01:29 A C:\Ekhagastiftelsen\Webb&Mail\Internetsajt\2008-09-28\projekt\2005-6.html --> ftp.internethotellet.com /public_html/ekhagastiftelsen.a.se/projekt 2005-6.html
2008.09.29 01:29 A C:\Ekhagastiftelsen\Webb&Mail\Internetsajt\2008-09-28\projekt\2005-48.html --> ftp.internethotellet.com /public_html/ekhagastiftelsen.a.se/projekt 2005-48.html
2008.09.29 01:29 A C:\Ekhagastiftelsen\Webb&Mail\Internetsajt\2008-09-28\projekt\2005-46.html --> ftp.internethotellet.com /public_html/ekhagastiftelsen.a.se/projekt 2005-46.html
2008.09.29 01:29 A C:\Ekhagastiftelsen\Webb&Mail\Internetsajt\2008-09-28\projekt\2005-45.html --> ftp.internethotellet.com /public_html/ekhagastiftelsen.a.se/projekt 2005-45.html
2008.09.29 01:29 A C:\Ekhagastiftelsen\Webb&Mail\Internetsajt\2008-09-28\projekt\2005-42.html --> ftp.internethotellet.com /public_html/ekhagastiftelsen.a.se/projekt 2005-42.html
2008.09.29 01:29 A C:\Ekhagastiftelsen\Webb&Mail\Internetsajt\2008-09-28\projekt\2005-36.html --> ftp.internethotellet.com /public_html/ekhagastiftelsen.a.se/projekt 2005-36.html
2008.09.29 01:29 A C:\Ekhagastiftelsen\Webb&Mail\Internetsajt\2008-09-28\projekt\2005-35.html --> ftp.internethotellet.com /public_html/ekhagastiftelsen.a.se/projekt 2005-35.html
2008.09.29 01:29 A C:\Ekhagastiftelsen\Webb&Mail\Internetsajt\2008-09-28\projekt\2005-33.html --> ftp.internethotellet.com /public_html/ekhagastiftelsen.a.se/projekt 2005-33.html
2008.09.29 01:29 A C:\Ekhagastiftelsen\Webb&Mail\Internetsajt\2008-09-28\projekt\2005-28.html --> ftp.internethotellet.com /public_html/ekhagastiftelsen.a.se/projekt 2005-28.html
2008.09.29 01:29 A C:\Ekhagastiftelsen\Webb&Mail\Internetsajt\2008-09-28\projekt\2005-26.html --> ftp.internethotellet.com /public_html/ekhagastiftelsen.a.se/projekt 2005-26.html
2008.09.29 01:29 A C:\Ekhagastiftelsen\Webb&Mail\Internetsajt\2008-09-28\projekt\2005-20.html --> ftp.internethotellet.com /public_html/ekhagastiftelsen.a.se/projekt 2005-20.html
2008.09.29 01:29 A C:\Ekhagastiftelsen\Webb&Mail\Internetsajt\2008-09-28\projekt\2005-16.html --> ftp.internethotellet.com /public_html/ekhagastiftelsen.a.se/projekt 2005-16.html
2008.09.29 01:29 A C:\Ekhagastiftelsen\Webb&Mail\Internetsajt\2008-09-28\projekt\2005-14.html --> ftp.internethotellet.com /public_html/ekhagastiftelsen.a.se/projekt 2005-14.html
2008.09.29 01:29 A C:\Ekhagastiftelsen\Webb&Mail\Internetsajt\2008-09-28\projekt\2004-73.html --> ftp.internethotellet.com /public_html/ekhagastiftelsen.a.se/projekt 2004-73.html
2008.09.29 01:29 A C:\Ekhagastiftelsen\Webb&Mail\Internetsajt\2008-09-28\projekt\2004-62.html --> ftp.internethotellet.com /public_html/ekhagastiftelsen.a.se/projekt 2004-62.html
2008.09.29 01:29 A C:\Ekhagastiftelsen\Webb&Mail\Internetsajt\2008-09-28\projekt\2004-57.html --> ftp.internethotellet.com /public_html/ekhagastiftelsen.a.se/projekt 2004-57.html
2008.09.29 01:29 A C:\Ekhagastiftelsen\Webb&Mail\Internetsajt\2008-09-28\projekt\2004-55.html --> ftp.internethotellet.com /public_html/ekhagastiftelsen.a.se/projekt 2004-55.html
2008.09.29 01:29 A C:\Ekhagastiftelsen\Webb&Mail\Internetsajt\2008-09-28\projekt\2004-52.html --> ftp.internethotellet.com /public_html/ekhagastiftelsen.a.se/projekt 2004-52.html
2008.09.29 01:29 A C:\Ekhagastiftelsen\Webb&Mail\Internetsajt\2008-09-28\projekt\2004-43.html --> ftp.internethotellet.com /public_html/ekhagastiftelsen.a.se/projekt 2004-43.html
2008.09.29 01:29 A C:\Ekhagastiftelsen\Webb&Mail\Internetsajt\2008-09-28\projekt\2004-39.html --> ftp.internethotellet.com /public_html/ekhagastiftelsen.a.se/projekt 2004-39.html
2008.09.29 01:29 A C:\Ekhagastiftelsen\Webb&Mail\Internetsajt\2008-09-28\projekt\2004-36.html --> ftp.internethotellet.com /public_html/ekhagastiftelsen.a.se/projekt 2004-36.html
2008.09.29 01:29 A C:\Ekhagastiftelsen\Webb&Mail\Internetsajt\2008-09-28\projekt\2004-34.html --> ftp.internethotellet.com /public_html/ekhagastiftelsen.a.se/projekt 2004-34.html
2008.09.29 01:29 A C:\Ekhagastiftelsen\Webb&Mail\Internetsajt\2008-09-28\projekt\2004-31.html --> ftp.internethotellet.com /public_html/ekhagastiftelsen.a.se/projekt 2004-31.html
2008.09.29 01:29 A C:\Ekhagastiftelsen\Webb&Mail\Internetsajt\2008-09-28\projekt\2004-3.html --> ftp.internethotellet.com /public_html/ekhagastiftelsen.a.se/projekt 2004-3.html
2008.09.29 01:29 A C:\Ekhagastiftelsen\Webb&Mail\Internetsajt\2008-09-28\projekt\2004-24.html --> ftp.internethotellet.com /public_html/ekhagastiftelsen.a.se/projekt 2004-24.html
2008.09.29 01:29 A C:\Ekhagastiftelsen\Webb&Mail\Internetsajt\2008-09-28\projekt\2004-22.html --> ftp.internethotellet.com /public_html/ekhagastiftelsen.a.se/projekt 2004-22.html
2008.09.29 01:29 A C:\Ekhagastiftelsen\Webb&Mail\Internetsajt\2008-09-28\projekt\2004-20.html --> ftp.internethotellet.com /public_html/ekhagastiftelsen.a.se/projekt 2004-20.html
2008.09.29 01:29 A C:\Ekhagastiftelsen\Webb&Mail\Internetsajt\2008-09-28\projekt\2004-18.html --> ftp.internethotellet.com /public_html/ekhagastiftelsen.a.se/projekt 2004-18.html
2008.09.29 01:29 A C:\Ekhagastiftelsen\Webb&Mail\Internetsajt\2008-09-28\projekt\2003-62.html --> ftp.internethotellet.com /public_html/ekhagastiftelsen.a.se/projekt 2003-62.html
2008.09.29 01:29 A C:\Ekhagastiftelsen\Webb&Mail\Internetsajt\2008-09-28\projekt\2003-59.html --> ftp.internethotellet.com /public_html/ekhagastiftelsen.a.se/projekt 2003-59.html
2008.09.29 01:29 A C:\Ekhagastiftelsen\Webb&Mail\Internetsajt\2008-09-28\projekt\2003-56.html --> ftp.internethotellet.com /public_html/ekhagastiftelsen.a.se/projekt 2003-56.html
2008.09.29 01:29 A C:\Ekhagastiftelsen\Webb&Mail\Internetsajt\2008-09-28\projekt\2003-54.html --> ftp.internethotellet.com /public_html/ekhagastiftelsen.a.se/projekt 2003-54.html
2008.09.29 01:29 A C:\Ekhagastiftelsen\Webb&Mail\Internetsajt\2008-09-28\projekt\2003-53.html --> ftp.internethotellet.com /public_html/ekhagastiftelsen.a.se/projekt 2003-53.html
2008.09.29 01:29 A C:\Ekhagastiftelsen\Webb&Mail\Internetsajt\2008-09-28\projekt\2003-51.html --> ftp.internethotellet.com /public_html/ekhagastiftelsen.a.se/projekt 2003-51.html
2008.09.29 01:29 A C:\Ekhagastiftelsen\Webb&Mail\Internetsajt\2008-09-28\projekt\2003-5.html --> ftp.internethotellet.com /public_html/ekhagastiftelsen.a.se/projekt 2003-5.html
2008.09.29 01:29 A C:\Ekhagastiftelsen\Webb&Mail\Internetsajt\2008-09-28\projekt\2003-46.html --> ftp.internethotellet.com /public_html/ekhagastiftelsen.a.se/projekt 2003-46.html
2008.09.29 01:29 A C:\Ekhagastiftelsen\Webb&Mail\Internetsajt\2008-09-28\projekt\2003-41.html --> ftp.internethotellet.com /public_html/ekhagastiftelsen.a.se/projekt 2003-41.html
2008.09.29 01:29 A C:\Ekhagastiftelsen\Webb&Mail\Internetsajt\2008-09-28\projekt\2003-36.html --> ftp.internethotellet.com /public_html/ekhagastiftelsen.a.se/projekt 2003-36.html
2008.09.29 01:29 A C:\Ekhagastiftelsen\Webb&Mail\Internetsajt\2008-09-28\projekt\2003-28.html --> ftp.internethotellet.com /public_html/ekhagastiftelsen.a.se/projekt 2003-28.html
2008.09.29 01:29 A C:\Ekhagastiftelsen\Webb&Mail\Internetsajt\2008-09-28\projekt\2003-25.html --> ftp.internethotellet.com /public_html/ekhagastiftelsen.a.se/projekt 2003-25.html
2008.09.29 01:29 A C:\Ekhagastiftelsen\Webb&Mail\Internetsajt\2008-09-28\projekt\2003-16.html --> ftp.internethotellet.com /public_html/ekhagastiftelsen.a.se/projekt 2003-16.html
2008.09.29 01:29 A C:\Ekhagastiftelsen\Webb&Mail\Internetsajt\2008-09-28\projekt\2003-13.html --> ftp.internethotellet.com /public_html/ekhagastiftelsen.a.se/projekt 2003-13.html
2008.09.29 01:29 A C:\Ekhagastiftelsen\Webb&Mail\Internetsajt\2008-09-28\projekt\2002-63.html --> ftp.internethotellet.com /public_html/ekhagastiftelsen.a.se/projekt 2002-63.html
2008.09.29 01:29 A C:\Ekhagastiftelsen\Webb&Mail\Internetsajt\2008-09-28\projekt\2002-55.html --> ftp.internethotellet.com /public_html/ekhagastiftelsen.a.se/projekt 2002-55.html
2008.09.29 01:29 A C:\Ekhagastiftelsen\Webb&Mail\Internetsajt\2008-09-28\projekt\2002-49.html --> ftp.internethotellet.com /public_html/ekhagastiftelsen.a.se/projekt 2002-49.html
2008.09.29 01:29 A C:\Ekhagastiftelsen\Webb&Mail\Internetsajt\2008-09-28\projekt\2002-45.html --> ftp.internethotellet.com /public_html/ekhagastiftelsen.a.se/projekt 2002-45.html
2008.09.29 01:29 A C:\Ekhagastiftelsen\Webb&Mail\Internetsajt\2008-09-28\projekt\2002-44.html --> ftp.internethotellet.com /public_html/ekhagastiftelsen.a.se/projekt 2002-44.html
2008.09.29 01:29 A C:\Ekhagastiftelsen\Webb&Mail\Internetsajt\2008-09-28\projekt\2002-42.html --> ftp.internethotellet.com /public_html/ekhagastiftelsen.a.se/projekt 2002-42.html
2008.09.29 01:29 A C:\Ekhagastiftelsen\Webb&Mail\Internetsajt\2008-09-28\projekt\2002-41.html --> ftp.internethotellet.com /public_html/ekhagastiftelsen.a.se/projekt 2002-41.html
2008.09.29 01:29 A C:\Ekhagastiftelsen\Webb&Mail\Internetsajt\2008-09-28\projekt\2002-4.html --> ftp.internethotellet.com /public_html/ekhagastiftelsen.a.se/projekt 2002-4.html
2008.09.29 01:29 A C:\Ekhagastiftelsen\Webb&Mail\Internetsajt\2008-09-28\projekt\2002-34.html --> ftp.internethotellet.com /public_html/ekhagastiftelsen.a.se/projekt 2002-34.html
2008.09.29 01:29 A C:\Ekhagastiftelsen\Webb&Mail\Internetsajt\2008-09-28\projekt\2002-31.html --> ftp.internethotellet.com /public_html/ekhagastiftelsen.a.se/projekt 2002-31.html
2008.09.29 01:29 A C:\Ekhagastiftelsen\Webb&Mail\Internetsajt\2008-09-28\projekt\2002-30.html --> ftp.internethotellet.com /public_html/ekhagastiftelsen.a.se/projekt 2002-30.html
2008.09.29 01:29 A C:\Ekhagastiftelsen\Webb&Mail\Internetsajt\2008-09-28\projekt\2002-25.html --> ftp.internethotellet.com /public_html/ekhagastiftelsen.a.se/projekt 2002-25.html
2008.09.29 01:29 A C:\Ekhagastiftelsen\Webb&Mail\Internetsajt\2008-09-28\projekt\2002-21.html --> ftp.internethotellet.com /public_html/ekhagastiftelsen.a.se/projekt 2002-21.html
2008.09.29 01:29 A C:\Ekhagastiftelsen\Webb&Mail\Internetsajt\2008-09-28\projekt\2002-2.html --> ftp.internethotellet.com /public_html/ekhagastiftelsen.a.se/projekt 2002-2.html
2008.09.29 01:29 A C:\Ekhagastiftelsen\Webb&Mail\Internetsajt\2008-09-28\projekt\2002-18.html --> ftp.internethotellet.com /public_html/ekhagastiftelsen.a.se/projekt 2002-18.html
2008.09.29 01:29 A C:\Ekhagastiftelsen\Webb&Mail\Internetsajt\2008-09-28\projekt\2002-14.html --> ftp.internethotellet.com /public_html/ekhagastiftelsen.a.se/projekt 2002-14.html
2008.09.29 01:29 A C:\Ekhagastiftelsen\Webb&Mail\Internetsajt\2008-09-28\projekt\2002-10.html --> ftp.internethotellet.com /public_html/ekhagastiftelsen.a.se/projekt 2002-10.html
2008.09.29 01:29 A C:\Ekhagastiftelsen\Webb&Mail\Internetsajt\2008-09-28\projekt\2001-83.html --> ftp.internethotellet.com /public_html/ekhagastiftelsen.a.se/projekt 2001-83.html
2008.09.29 01:29 A C:\Ekhagastiftelsen\Webb&Mail\Internetsajt\2008-09-28\projekt\2001-82.html --> ftp.internethotellet.com /public_html/ekhagastiftelsen.a.se/projekt 2001-82.html
2008.09.29 01:29 A C:\Ekhagastiftelsen\Webb&Mail\Internetsajt\2008-09-28\projekt\2001-81.html --> ftp.internethotellet.com /public_html/ekhagastiftelsen.a.se/projekt 2001-81.html
2008.09.29 01:29 A C:\Ekhagastiftelsen\Webb&Mail\Internetsajt\2008-09-28\projekt\2001-80.html --> ftp.internethotellet.com /public_html/ekhagastiftelsen.a.se/projekt 2001-80.html
2008.09.29 01:29 A C:\Ekhagastiftelsen\Webb&Mail\Internetsajt\2008-09-28\projekt\2001-78.html --> ftp.internethotellet.com /public_html/ekhagastiftelsen.a.se/projekt 2001-78.html
2008.09.29 01:29 A C:\Ekhagastiftelsen\Webb&Mail\Internetsajt\2008-09-28\projekt\2001-74.html --> ftp.internethotellet.com /public_html/ekhagastiftelsen.a.se/projekt 2001-74.html
2008.09.29 01:29 A C:\Ekhagastiftelsen\Webb&Mail\Internetsajt\2008-09-28\projekt\2001-7.html --> ftp.internethotellet.com /public_html/ekhagastiftelsen.a.se/projekt 2001-7.html
2008.09.29 01:29 A C:\Ekhagastiftelsen\Webb&Mail\Internetsajt\2008-09-28\projekt\2001-64.html --> ftp.internethotellet.com /public_html/ekhagastiftelsen.a.se/projekt 2001-64.html
2008.09.29 01:29 A C:\Ekhagastiftelsen\Webb&Mail\Internetsajt\2008-09-28\projekt\2001-59.html --> ftp.internethotellet.com /public_html/ekhagastiftelsen.a.se/projekt 2001-59.html
2008.09.29 01:29 A C:\Ekhagastiftelsen\Webb&Mail\Internetsajt\2008-09-28\projekt\2001-58.html --> ftp.internethotellet.com /public_html/ekhagastiftelsen.a.se/projekt 2001-58.html
2008.09.29 01:29 A C:\Ekhagastiftelsen\Webb&Mail\Internetsajt\2008-09-28\projekt\2001-54.html --> ftp.internethotellet.com /public_html/ekhagastiftelsen.a.se/projekt 2001-54.html
2008.09.29 01:29 A C:\Ekhagastiftelsen\Webb&Mail\Internetsajt\2008-09-28\projekt\2001-5.html --> ftp.internethotellet.com /public_html/ekhagastiftelsen.a.se/projekt 2001-5.html
2008.09.29 01:29 A C:\Ekhagastiftelsen\Webb&Mail\Internetsajt\2008-09-28\projekt\2001-47.html --> ftp.internethotellet.com /public_html/ekhagastiftelsen.a.se/projekt 2001-47.html
2008.09.29 01:29 A C:\Ekhagastiftelsen\Webb&Mail\Internetsajt\2008-09-28\projekt\2001-46.html --> ftp.internethotellet.com /public_html/ekhagastiftelsen.a.se/projekt 2001-46.html
2008.09.29 01:29 A C:\Ekhagastiftelsen\Webb&Mail\Internetsajt\2008-09-28\projekt\2001-40.html --> ftp.internethotellet.com /public_html/ekhagastiftelsen.a.se/projekt 2001-40.html
2008.09.29 01:29 A C:\Ekhagastiftelsen\Webb&Mail\Internetsajt\2008-09-28\projekt\2001-39.html --> ftp.internethotellet.com /public_html/ekhagastiftelsen.a.se/projekt 2001-39.html
2008.09.29 01:29 A C:\Ekhagastiftelsen\Webb&Mail\Internetsajt\2008-09-28\projekt\2001-37.html --> ftp.internethotellet.com /public_html/ekhagastiftelsen.a.se/projekt 2001-37.html
2008.09.29 01:29 A C:\Ekhagastiftelsen\Webb&Mail\Internetsajt\2008-09-28\projekt\2001-35.html --> ftp.internethotellet.com /public_html/ekhagastiftelsen.a.se/projekt 2001-35.html
2008.09.29 01:29 A C:\Ekhagastiftelsen\Webb&Mail\Internetsajt\2008-09-28\projekt\2001-34.html --> ftp.internethotellet.com /public_html/ekhagastiftelsen.a.se/projekt 2001-34.html
2008.09.29 01:29 A C:\Ekhagastiftelsen\Webb&Mail\Internetsajt\2008-09-28\projekt\2001-30.html --> ftp.internethotellet.com /public_html/ekhagastiftelsen.a.se/projekt 2001-30.html
2008.09.29 01:29 A C:\Ekhagastiftelsen\Webb&Mail\Internetsajt\2008-09-28\projekt\2001-23.html --> ftp.internethotellet.com /public_html/ekhagastiftelsen.a.se/projekt 2001-23.html
2008.09.29 01:29 A C:\Ekhagastiftelsen\Webb&Mail\Internetsajt\2008-09-28\projekt\2001-16.html --> ftp.internethotellet.com /public_html/ekhagastiftelsen.a.se/projekt 2001-16.html
2008.09.29 01:29 A C:\Ekhagastiftelsen\Webb&Mail\Internetsajt\2008-09-28\projekt\2001-14.html --> ftp.internethotellet.com /public_html/ekhagastiftelsen.a.se/projekt 2001-14.html
